TN:
SF:datetime.py
DA:11,1,WZFtK+G2NQaWgrHsYovZTg
DA:16,1,5jfQNy87SqkcSZuik8ZOHw
DA:17,1,jCX6fgqXeXG4aLvkscfQ8A
DA:22,1,TDpCedzReeQNDf7nEw2D3g
DA:23,1,4kYP5mKThmXFkgs1L0SSXA
DA:24,1,fOS/F/mSSE6Rd0xlwgc05Q
DA:29,1,0Y4fPQdxOtZn+sknSY9arw
DA:34,1,khogtM4Qs8fGrmFQE07epQ
DA:39,1,IC0Hqw7Yz/Ri8gQM+8CUZw
DA:40,1,ClahzPFEh/fIaWAnA9IFKg
DA:41,1,pMPt9Jla7UvSLRykytcmyg
DA:42,1,Umgod2Jsohn+XBZkCA10FQ
DA:43,1,x72aylY9mf2kqDwfsX9tfw
DA:44,1,PgWTxvtVpuVfwUHy7pKsfQ
DA:45,1,fRhOtLReQyDMd/lPAvWxxg
DA:46,1,eRGh1J1ff1bDDbJ/0G1eOg
DA:48,1,32baP6DblBhAGNVvjZPY/g
DA:49,1,lZvSWeCQ848dpFe96ipQGw
DA:50,1,35+lTjOthFt/FEgfVzi2cg
DA:51,1,7aND5Uh6s6Hr93Fsv0Hc1Q
DA:52,1,9rYai+DgiYivJGdmk7Fazg
DA:53,1,21aBC+gLtYVpnB2F7eNsEw
DA:54,1,zd0pWsPGr/uFxoJRHhPIWA
DA:58,1,zBoCCiBv3m+gbS8u20ou1w
DA:59,1,15+WwAxAINCQJbbH41AzHA
DA:60,1,MGvK1J617cBwIsjtFZE9pA
DA:61,1,0p6/Sg34Tr3DVU9ovD2cUQ
DA:64,1,LJwl0FVDQ04jShO3g0RgkQ
DA:65,1,Glvg3JA7itPGVtx4n5prkA
DA:66,1,EDw6hv+Hi7iMDqy7C2cYkg
DA:67,1,FMfPOk0VM2vcOGN3kHETLw
DA:68,1,4r3LerQFkLdsDiFPY0NHRQ
DA:69,1,HiSd38pxlmHMV+rNgn/Syw
DA:70,1,Qw2JxPPihTnE8vzveI5Ugw
DA:71,1,Siqx4lM+QReq3hUIQOTeQQ
DA:72,1,UlegkxZbHpP5kKxz+smxfA
DA:73,1,sH6AVlKO9qdUYgp46IvY3w
DA:74,1,xaY7/vDDsWasvs5dmb39AA
DA:79,1,ylEE47gEKrdHUXfqfwqy+w
DA:87,1,K0fJMn4tKFslGPoyOrXJhw
DA:103,1,ZekI1jCD+zg5Fo+iMo885w
DA:113,1,/x2asrSc2IH8i+bc4k09UQ
DA:114,1,RPxyJyttAi6F477D3oYiMw
DA:118,1,KfUxk/jI0CeteXSeaxwVfA
DA:119,1,rS1wcxC2eRNCeC/4P+MnGg
DA:120,1,VRvoRgd8KXOkowUpm4qhhA
DA:131,1,1NxmEc0D/y9VMWmLtK6OZQ
DA:132,1,CTFoccqD+ygCAc/WmLJOgw
DA:135,1,WRwnH/L0s7498GVQkFbmcQ
DA:138,1,13qESg8FbnwIyv1ZE/U6GA
DA:142,1,b7W0Zv/K6UJY1LaCRfFvwA
DA:146,1,CUcYqw3dNH0fLbFBgQSQHg
DA:150,1,IJRzfBHKD7V69eGREbcVKQ
DA:153,1,VOCk6tlOp+hBF7yEvp0z+A
DA:154,1,vnDp8mvYxUlGYa2mfTxnKg
DA:156,1,kMf9UwXvVeLRKZHxiEp/ig
DA:157,1,9gPPxh3LbGgOmQa5+r0vaQ
DA:160,1,iFJJgrl8qlFXehzWB91GEg
DA:163,1,S7bYp5Fj/bLjkbySDgGKjA
DA:166,1,ackOWdJx2/IgtB/ELuvQJg
DA:169,1,OhA0zheHrOEMK2juGGvTeA
DA:172,1,FViSqalV3HZv+db62KjhZg
DA:177,1,TLbU4V9jZVjsSw5WoJAcnw
DA:178,1,MHmhY3R49F41cZ6bnQ58Uw
DA:180,1,/hSpc/LEDf7ytik3UPif8w
DA:183,1,TLbU4V9jZVjsSw5WoJAcnw
DA:184,1,3BKmN6hj5W4M5S8rmeA8Mw
DA:186,1,nb7Hz9/6IDSPJJNtfEUW9g
DA:189,1,N1vxOVo6EQdfOkLXOpqbUQ
DA:192,1,A2oaTpgB4KjocsJS6mKeGA
DA:193,1,qWgdKx4bTZpBrIaGsmeb2A
DA:196,1,vbxTuQmbgA0C3Ge70Uug2g
DA:199,1,KlTb6nc0FR/Nzk361Yji5w
DA:202,1,IyDVKsdyXJ4k62ZrongdiQ
DA:205,1,8VF2db4YE1HvX6TFWLDI3Q
DA:208,1,CLbeQ1gOFDnCHTGznJKq4g
DA:211,1,WtYDd1Wf+BzSVxFfe3jL7g
DA:214,1,yXMP9vE+zxLi+OwsvpzDBA
DA:217,1,4r60fCl2J9oTOblG+M/yig
DA:218,1,QtnIJZM4wwWj0Y43dYX3+A
DA:219,1,n+LGrMsFgAmlPan3IqgHow
DA:225,1,h05+nHezJAohtF8kMvTmSA
DA:226,1,QvqPz4bni6bn1B0r0Up/zA
DA:227,1,xMob6/KanWCBNwh80GJZZg
DA:229,1,ZCKNyF9Ff/RyDFEx2ANxjA
DA:230,1,t8XLHm8/g6BO4wHFA5TUWw
DA:231,1,jfjIpN8HeIYZrKkbqSx/gw
DA:232,1,MjxtWUgYooBw//OKm6fclQ
DA:233,1,N8zXKZrz2v96f18Pw80DYA
DA:234,1,SbZkwzcSL2A6myJ/q2qDgg
DA:235,1,cEBHgs/85HFw53yemlpfkQ
DA:236,1,lth9/AMS1WNwxBv/B/6neQ
DA:238,1,TmFgcfEiHo4zSmvdBpZ+GQ
DA:239,1,R+3K+tL2zKcpB963Rawwww
DA:240,1,EG0SXInkgrosGzHGfoE9NQ
DA:241,1,HlQoWUHL83vNTXJ4cefHjQ
DA:242,1,Ac4VWmRBpppeDjt9CPT+8g
DA:243,1,OMeMkqTtJPKXhW7XLXM4Nw
DA:244,1,fJtSipU+yktudV1mpfHC+A
DA:245,1,DoVOneqEqKgP+ahmDxlSaA
DA:246,1,qnrBL2mOV2VjYDbfMQwTqA
DA:247,1,q5WdV/vj4s3/+nqC3s6UjQ
DA:248,1,7etOd/zcXwNOl4L5xUq0pw
DA:249,1,ghu5jyg/CAPAsivAHXvAwg
DA:250,1,xMob6/KanWCBNwh80GJZZg
DA:251,1,kZ4VyPyjH23iuvrJWAEezA
DA:252,1,LsebNPd2ytHwoIKIBKKyyA
DA:253,1,CiKUXNf44AukXLGiJ7HkOQ
DA:254,1,2bZD/YGYySV6qyxelsaE4w
DA:255,1,ZxsQJDLiUYvM3xT8eNPILA
DA:256,1,Ivh1sDqWRyM2lDTDZOGNKw
DA:257,1,lcPUdhie7B6Mu7IqwoMGrQ
DA:258,1,Efa+iwOCFevcyOdTt3K19A
DA:259,1,PyHrp4+74ssJRelE2BKsrQ
DA:260,1,oAyHF44r1MirftKE1QQJIA
DA:261,1,GqZftlx+8FGyO6V1pw5svA
DA:262,1,PHY33oz60l8GS85pnIXxDQ
DA:263,1,HisR0xNRz/ZiE+QZRsemVw
DA:266,1,ozifc/qxtymMj5xRuc7GVA
DA:269,1,OXIEN5IQnkNR9ZlV0W+Cmg
DA:270,1,Lt1+d7R7eAgrLkYWU3AmWA
DA:271,1,bl9uT5boegoh9l+tssexEA
DA:272,1,gTt+gHLent1cn2TQXwiHig
DA:273,1,5eHKPJx0UlmL/JNQ/7JoOw
DA:274,1,luxqiIAhuaM3CQl1DjjTkA
DA:275,1,jSw149icwi928jY7yA69RA
DA:276,1,8mPQN8yHseIJubLNKuaX6g
DA:277,1,aG0teA2/3Xh0TYN3Or7KPw
DA:310,1,4PGV/6kCPkaoGLCEcSZcpA
DA:315,1,YMjLbgJvU27ay4qyEjgzdA
DA:316,1,aqstVN2nd72txxwMPWHGmQ
DA:317,1,HaplzPttJ7D+7ehUwqgH7g
DA:318,1,ZBbMoSP1PcKCUMnhCUqppQ
DA:321,1,lpuvZjcr4F/lRUms/EcpeA
DA:324,1,aqmiAaPTV/WH9L+9UBQqaQ
DA:325,1,yDKrbnjI7bkSVBdlgB4Udw
DA:326,1,9nL7ssAQA7++fwFfns30Hw
DA:329,1,GHbUb1fTzCJG0RbubVVXJg
DA:332,1,4r60fCl2J9oTOblG+M/yig
DA:333,1,Qx+ZbpnalF1UkFpDkDa9Ag
DA:334,1,n+LGrMsFgAmlPan3IqgHow
DA:337,1,HiA3CxtJMWqZTfBVbPFBVQ
DA:340,1,apkQQtiiE4JOuDIBvLOUjQ
DA:343,1,oCb1dW/XVxDekJLD4RO9HQ
DA:344,1,ETfMlXlaVZgW9TRZM2PAbw
DA:345,1,4N3A/cVNk/N7dqhgpwgVuw
DA:348,1,94PGgLkH3+jO/l7W3TmGEQ
DA:355,1,49ZJGXsG6Um/2b0ZvFH+MA
DA:356,1,Y22fqnLv9/6S3dlxE/c6Bg
DA:357,1,hFa/yGszCuJy1UvqsLpj3A
DA:358,1,RGM770oADryGLfvmpp5svQ
DA:360,1,afJqSxR0pMWWpggoIlU6ow
DA:364,1,pfu/+OLWNr9Rt+GNQ4v3Yg
DA:366,1,loBvIMaruA10dqp7cKIjaQ
DA:370,1,fYjRQ8XZppHU4B/o7cGQuA
DA:375,1,u/O6rB0akubbxkXSgyuvsg
DA:379,1,OjkvWZ9pvheMDiysu6i3Zg
DA:383,1,SAiSuH1F0ZO6jsxASbyfBA
DA:387,1,e6VP0MMXPakWvmj2q0qyMA
DA:395,1,Wqne+WQtGLYUxYMjRMdsUA
DA:399,1,HKOmZtNflYOKsQ8nYjPFeA
DA:403,1,HJe98yBbjT2/d0BWZc5Fxw
DA:406,1,IBTFlBMYYmnn82EcuC3lMA
DA:409,1,AOhfzhtRlRAhaOyC72Hnng
DA:410,1,ha7+Y/pZj40pmMjFieMDqw
DA:411,1,Apdn/UTqpLXdN78pL89wfw
DA:414,1,7cfBiQdfPRZkdj9avvE/OA
DA:415,1,oP5wyYUSVaw7nLySMyzLpA
DA:416,1,2Z2KG9TzyH76puuU9DBtVg
DA:417,1,VaT9fileq6MkcJR7elyKCQ
DA:418,1,DUQ5bXMvaUN5dxeMx2/fPg
DA:419,1,jt5Y3wP80BOte6j0VWHe9g
DA:420,1,Y8b1wkUmkmh6SlGraJn9Dw
DA:421,1,MpriKKFipMywNyoGStLqAA
DA:424,1,fh+FLqcN/dPELTLLhFoQ8g
DA:427,1,K04TIPOuWLq5RcRLkOvRUw
DA:428,1,ebdsKxTNytUIB09o19s5sQ
DA:430,1,t9zM7Z918ri21TyEx2CrbQ
DA:433,1,K04TIPOuWLq5RcRLkOvRUw
DA:434,1,/zYC4cstC4a4kO/1SwREew
DA:436,1,kycMaH6XbPuAfUpgfG1Lbg
DA:439,1,gpBed9iacB59Af01TvuveA
DA:442,1,ilD9CMIEVHBT4rYvrt1ovg
DA:445,1,MMQ2zHvGLHwa1w+r5KgReQ
DA:448,1,s2Qgfg5NtWC6xrbvHO6BuQ
DA:451,1,+9q0eXpQMWs9XQ+GgEYkdQ
DA:454,1,Z3oGpVJ0j7352LkH3GL+pw
DA:457,1,y3r3gE4Y1EO9ulyCmdLDsQ
DA:460,1,pO2YSmi1DYVxeTYNnBo8kw
DA:465,1,4r60fCl2J9oTOblG+M/yig
DA:466,1,wyArGLbLK/aVsX/DiXEMJA
DA:467,1,n+LGrMsFgAmlPan3IqgHow
DA:470,1,lo2shsJ1052p0+2IkSxhyQ
DA:488,1,0nEB1IQrLhIvE6rFdMGTww
DA:495,1,rAM8rOaGBgba+1QwFdgX8w
DA:497,1,afJqSxR0pMWWpggoIlU6ow
DA:501,1,jAtWSqBsbHAjz2wNYWrpZA
DA:502,1,/0ru87UBiR71I1HMCAeJpQ
DA:503,1,Iaeeri3vyqouPWworw4rJg
DA:504,1,xkJe6VY/qe29DrUvGsffYg
DA:505,1,6GcPvNtl2K7AsUeZHqRVYA
DA:506,1,tHKquzr+iVhNffkht2xdYw
DA:507,1,8PsX9gqibflfEc8MwphWxg
DA:508,1,piGymPVBDFYQ7qKHFGgHUg
DA:509,1,EBKPbWmVupSB/+JyO+Py3A
DA:510,1,82YD5a5SaL6KRpeJxVihZw
DA:511,1,x0lId3dvBopFoIrGa0e+4g
DA:512,1,6EBJi61vy9zmeMkJCb8alg
DA:514,1,nfOhA4q7jpGE64PZ6TtSCw
DA:515,1,HvSxApuWkSpOvstSQXRdGg
DA:516,1,QdiVp5NHf9u7f49EW7uasA
DA:517,1,6y5TrvbqXhtaG4eFNueJGQ
DA:518,1,aY4tG3DXn1XRZz4uiZro9Q
DA:520,1,aCgONsGMYVstn/W0ghZK+Q
DA:521,1,WfQww5fWaILip6gOMfqmgw
DA:522,1,JSz8Ud60yFA5iy0AJqQyVQ
DA:523,1,THIqcCFkQ3pPJdfStqBhbg
DA:525,1,5V9JjAuxKgj/AicBXqUCCA
DA:526,1,x8xffDAmpMzzs6DfrOE1Hw
DA:536,1,6JD7NABjdyfkAkc+OhprHQ
DA:537,1,KbMpRnOu2rXqRWI53j1E/w
DA:539,1,ZMyhux/Hj2620gok6K//VQ
DA:540,1,41bS/KKWpgxXH1CnFA22SQ
DA:541,1,aY4tG3DXn1XRZz4uiZro9Q
DA:543,1,lDiFr9JoC+uCKpE8K1BWWQ
DA:544,1,1/6tLPiQB0A/PpbVxNCr3A
DA:545,1,WfQww5fWaILip6gOMfqmgw
DA:555,1,33N+SujG0XwD/XWMtU1N6w
DA:557,1,FN2pKuwRl4kbBji3eSchVA
DA:558,1,CPoJSdjG+r2ySK9sf+H11g
DA:559,1,Psfpd55NvNm10X9TdxTiJQ
DA:561,1,C814lvRj3nOToj/3f+hgFA
DA:563,1,dhsCveI07Nk8teqOkzdRuQ
DA:564,1,9uUqs676dnx9YtdzJFqOYw
DA:568,1,dplbkM+a3DMFpjYycyQcTw
DA:569,1,VyPG9RTPUu3E6yhDNLVg1Q
DA:570,1,6f0Gl9e5He8CjqJ7kbUT/g
DA:571,1,/zlrmFogZjBhLdhih0WPwg
DA:576,1,0TtUOWnZ03kI/4iHqfjkOQ
DA:577,1,GPsOK3Jbp+waE8eEgAIZXw
DA:578,1,hw97XGi1qpseDAKb/XrUOQ
DA:582,1,vfCOmn64dWjA24rf/l5GFQ
DA:586,1,Wqne+WQtGLYUxYMjRMdsUA
DA:590,1,HKOmZtNflYOKsQ8nYjPFeA
DA:594,1,HJe98yBbjT2/d0BWZc5Fxw
DA:598,1,wOM6TfYsGOl93kZ1ZNBtrQ
DA:602,1,SpZ9zJYi8V8DUORXgqBIPA
DA:606,1,WfCMhCPAyIn5jOKPn/3xjg
DA:611,1,HOj+CipKhYF9g8Dl1NoCHQ
DA:612,1,QFA6kEhwzLLOdYDAN3wOdQ
DA:613,1,ohjzPfnGtlXgyH1MFLM/zA
DA:614,1,D1xQ4IARe2BWvQM/EDpvlg
DA:615,1,AKxQr3QYMS6qXeSrENTDbg
DA:616,1,bnjcANfliPB6HdqZ1S+MRw
DA:617,1,6PaH4MX3GsuyLsOxnD8ogA
DA:618,1,udI6Ue5BG2WOvuT4gDKk0w
DA:619,1,PTrSHvClwBdUGXP3WBAGBg
DA:620,1,MnqyT6BDsaCm7u2hfpExmg
DA:621,1,GtBdWWz9sqF+NHKd7Hk9sw
DA:622,1,Gkc/ijQPrAF2vkc0wnKwZg
DA:623,1,ub7i2LTACMwph3B64LoAhQ
DA:624,1,k2ic03A2rc6x1L8Ee9Aweg
DA:627,1,y4bz9KxySow9aVSWaE7SuA
DA:630,1,2M3yLh7IrLyURBuxbmXc3A
DA:637,1,eJ6zrxnLWn/k18a2vHOhRA
DA:640,1,cDks494/1cSm/+lD00pb3Q
DA:641,1,kycMaH6XbPuAfUpgfG1Lbg
DA:642,1,0C67y5nq8eHutAn5/1UM9A
DA:645,1,aFdEZogc3WICVe/I4McEwQ
DA:648,1,aVTbtU0c0bGTo/6Lfcm5Fg
DA:651,1,M+1sxbRnKPBX+l6WW/RWDQ
DA:654,1,qZMitB0LFHH6rwRS4rJXPA
DA:657,1,pqYrGB6xalVJ4s3t12tpDQ
DA:658,1,EgYiBXjLwD+WAgDhjrQVpQ
DA:659,1,dbKAWCxvua0je/cxCCTRKg
DA:660,1,jCf1+q9eRO4MdwWwSF2F9w
DA:661,1,KNln7avtGrjr1yh6NaKq8g
DA:662,1,6UF2zG8/9rj3cLQ6CGoDjA
DA:663,1,ZZg6749iZC5Ml2tKeaZ4WA
DA:664,1,LOPsqenJrtD7x3jL3WxDzQ
DA:665,1,RbXC8WD2WNZld4AhIk0X3g
DA:666,1,LFO4r7PS0Bn0jFS8rKNnPQ
DA:667,1,e4RsyD+oBMRsWB9JVsLX/A
DA:668,1,Szv7on248RQ2MROnuJ1U1w
DA:671,1,4r60fCl2J9oTOblG+M/yig
DA:673,1,qPLc02GGyh87F/nV0eEzBw
DA:674,1,n+LGrMsFgAmlPan3IqgHow
DA:677,1,G7qpGcRQU1CGDZKjizLkmg
DA:680,1,uf5X8TaJun8i6aB43mzEdg
DA:683,1,dTfif+uKDqooVsXc8YcsrQ
DA:686,1,e4tdFHuMYfACLykNBSYKUA
DA:687,1,bF+scHHS7cdYttkC3PWRIw
DA:710,1,6A3dmk7iH9H6fTnK0VwWYg
DA:711,1,5BWMTyv+m6APSE2Xd5H3Fw
DA:712,1,GPsOK3Jbp+waE8eEgAIZXw
DA:713,1,hw97XGi1qpseDAKb/XrUOQ
DA:717,1,HPt5mhEQxAkqvt2eg0D16g
DA:718,1,Ilrr5xZ0UvtyGDuoF2rQnQ
DA:720,1,7JA8jsfT6li5JCH8etvRjA
DA:721,1,m6OQ4/vDROFwU4ljvVPlFg
DA:722,1,zUGzKmBrqwvFXEqwrKoSHw
DA:723,1,XcHLUoyflIyekZUB/9kbXg
DA:724,1,PBdKv2QTC4zp1aDz+LXBAg
DA:725,1,HGlpXZHaL3GWUZ06bgboPw
DA:727,1,O/3xE9LFSIgrmiqVBzy4fg
DA:728,1,8FZ0tvNdUkVAvSEPku4EBg
DA:729,1,d+7KJY/wuQccv/g7sSMpGg
DA:733,1,vntcnWcZ/r4eo/Qy9GVRZA
DA:737,1,e6VP0MMXPakWvmj2q0qyMA
DA:741,1,v2EVxymqzfYKk7krKc8f2g
DA:742,1,2OiFXd7RZR2cPK3oqYhyXw
DA:743,1,JirUGN1g92ZKcQVytG2uKw
DA:744,1,6Q79+3yOsnls6RxKQCE/zg
DA:745,1,jedWoJ6QSib5AwC/zVCjWw
DA:749,1,nuShR7aDtL9Tmh7gKu9FIw
DA:755,1,rN0C4hhRGXE0/4pY19U4KA
DA:759,1,ACwBW07/dxzTOT2ouSUQ2A
DA:763,1,duje4G3yzsrAQsIOvuI6xA
DA:767,1,Dgti15Pj6CxBFpSVqkL6Mg
DA:771,1,MunoEkKTZWZfP/CaQgVdQw
DA:775,1,dBmMbir1Gj3olQWaG2b0ew
DA:779,1,n26S1d9qZZaQWsnpQRaIag
DA:783,1,SpZ9zJYi8V8DUORXgqBIPA
DA:787,1,WfCMhCPAyIn5jOKPn/3xjg
DA:790,1,+WHz78yZZ54YIwHSMjeiHg
DA:791,1,M0OfP+sC0gUTAZPKk5jZbA
DA:792,1,sO9Ih/648Jeobr3TFBgDcA
DA:793,1,aZ7X7+tysK7DRDHVNs8TFA
DA:796,1,TLbU4V9jZVjsSw5WoJAcnw
DA:797,1,y79grFDEz/lg6/GOWeGPaA
DA:798,1,oWQpmtRDcIkJ/p1CThpG/g
DA:799,1,cz6kOTu4t6qFh2szNCvePg
DA:800,1,iTimeqOBenZgZJ/5SlK2EA
DA:806,1,pqYrGB6xalVJ4s3t12tpDQ
DA:807,1,EgYiBXjLwD+WAgDhjrQVpQ
DA:808,1,dbKAWCxvua0je/cxCCTRKg
DA:809,1,G30mPlkTISnZzz5AdKi/1w
DA:810,1,zbl94WZj9ukyJRE7jHIjQg
DA:811,1,6UF2zG8/9rj3cLQ6CGoDjA
DA:812,1,KDROqZLdG2tfcl6jrsOTNQ
DA:813,1,mvyxW7obS62O3vv0J3O97w
DA:814,1,RbXC8WD2WNZld4AhIk0X3g
DA:815,1,+ezpIuDUlWJT01ks35V5rg
DA:816,1,RbdYXq+PcW/PmpYbNzoyiw
DA:817,1,B2T8F53ByS7YgHMxC770Xg
DA:818,1,stM/sZq1jGG9kNDjp1w2+Q
DA:819,1,M0OfP+sC0gUTAZPKk5jZbA
DA:820,1,/nPJY2LChR6n3q7c4u+geg
DA:823,1,cDks494/1cSm/+lD00pb3Q
DA:824,1,kycMaH6XbPuAfUpgfG1Lbg
DA:825,1,WgfBZuECsPKzbENO4Jk0Gw
DA:828,1,THEmDd0qm/VYjgFFp9wAzQ
DA:831,1,VDF+Ijv9VHGz1IH6K7Tf7A
DA:834,1,vSaQYi3SkaOiiB52isLRZQ
DA:837,1,Khn0gJ8TyiKQG3t6PHXc1g
DA:841,1,4Wy8qd/IJRKw7ImY6sviaA
DA:842,1,YPkMrgXJP1zwYg0V64a8gA
DA:843,1,5ffedYpEOOso7WAkdJp7zg
DA:844,1,G5+HFgW/LZscKAHQNcUWBQ
DA:845,1,JbqJrXiCm95BKk+odFXX/A
DA:847,1,OI4HAs8dIHo9n5BqLPq85g
DA:849,1,rwMqHde0eilgPJ+usxHdNQ
DA:850,1,JbqJrXiCm95BKk+odFXX/A
DA:852,1,6rgBhtkd42TFIDwa61jENA
DA:855,1,WeXV/+63gz1t+oIydEAuzQ
DA:858,1,MYVUywgnpnpZAC61Qgg3WA
DA:861,1,eUQH8g33FV3DQGfIE+vpTg
DA:876,1,y31GrvKZ3jAc5+iHrw5asQ
DA:877,1,oP5wyYUSVaw7nLySMyzLpA
DA:878,1,KTaGkYoAcblKAS3N3JGQww
DA:879,1,VaT9fileq6MkcJR7elyKCQ
DA:880,1,wOfXjspOdWNifhiZaWUZVA
DA:881,1,jt5Y3wP80BOte6j0VWHe9g
DA:882,1,UajxjN9WEka9VwRfgDWAJw
DA:883,1,QFA6kEhwzLLOdYDAN3wOdQ
DA:884,1,ohjzPfnGtlXgyH1MFLM/zA
DA:885,1,D1xQ4IARe2BWvQM/EDpvlg
DA:886,1,AKxQr3QYMS6qXeSrENTDbg
DA:887,1,bnjcANfliPB6HdqZ1S+MRw
DA:888,1,6PaH4MX3GsuyLsOxnD8ogA
DA:889,1,udI6Ue5BG2WOvuT4gDKk0w
DA:890,1,PTrSHvClwBdUGXP3WBAGBg
DA:891,1,MnqyT6BDsaCm7u2hfpExmg
DA:892,1,GtBdWWz9sqF+NHKd7Hk9sw
DA:893,1,Gkc/ijQPrAF2vkc0wnKwZg
DA:894,1,ub7i2LTACMwph3B64LoAhQ
DA:895,1,9qfpQgoSap8zGRO0RyiUWw
DA:898,1,IMYnvB90HUky8wotshQxjg
DA:899,1,mG+Mp/zmfsGieDylC8U5Ew
DA:900,1,T20y4f4MMv5dhc+WLJdlUg
DA:901,1,3H9HZUcITzQXlC/bD/RZGw
DA:902,1,Izma8dRQrVh1cpECVbyGig
DA:903,1,DPkG46Iwfx7+9GlipAu5zQ
DA:905,1,6NBcNKjmyTr6nWh+uI4YXg
DA:906,1,gRnb7HFlAL4MZ6UCp1mokA
DA:907,1,ROWV08rdPK5no0mYMplA9Q
DA:908,1,vcf0O3uI8cosXGvDuNp4Gw
DA:911,1,nqo7hmIi7z6DYXyImw7nRg
DA:912,1,JDRTsRrEQEPepoinXfTMTw
DA:914,1,y81h+bsIfg7p8uER+HuOHg
DA:915,1,9qRX326H1DTaDR2wD0CzOA
DA:916,1,QDl2FRGZNMsPrYSiF3XfIw
DA:918,1,u4ksT0mZQA6xEMJBRbdtfg
DA:919,1,O0REKQdyDRz3TVQFDdRUOg
DA:920,1,8JxwJ8yhRFpCJc/222dJZw
DA:921,1,/8L3t3iZeyWpkfATu09T7w
DA:922,1,bgQ9kzwKg40IZ/mf5gqC1g
DA:923,1,WCECg1gxGsTHdOx323HLBw
DA:924,1,YIrWSnoXgv0MQ8Hjq0M2/A
DA:925,1,6GmjwIF0rjfeauFohyKsEw
DA:927,1,w/RNXKHvSE3jo/ndIcI2qQ
DA:928,1,MJbwAiXqDZILsKwnWB9/ZA
DA:929,1,BixsaxlRP/9Krkn1xwq1dA
DA:930,1,P9VlhmyqNGJugAhmWndY5g
DA:931,1,MlOC4xGM60XxscNROv5h7Q
DA:932,1,gbPnN+AT3MlCgMu5182TJg
DA:933,1,AEl4D3OkGBhUdqdCGR9QTQ
DA:934,1,6GmjwIF0rjfeauFohyKsEw
DA:935,1,hg1Nox3FRrMigMeSzYbCEQ
DA:938,1,CDIwIrOWq5C5y6A50JvT2w
DA:939,1,ulYhkatfIErI2Y9AlAVESQ
DA:942,1,VMDQ3iTYhYwrlGiZwLwffw
DA:945,1,HVL//ALWcj/s2Hg58K0Mnw
DA:948,1,0P4I6FFh3G4NAOQkICxHMA
DA:951,1,K3V9Y69tGO3LoYlG7GuT9Q
DA:952,1,RkC5DAMIcma35It+Ody0nA
DA:953,1,nR53BjglC7OTu0bBuYdd9w
DA:955,1,sLiNa2GD4zA1v4IGjIYhZg
DA:956,1,pGSW9VVibV4i0467VqNvSA
DA:957,1,hI+v8ev521Lc1yzSMdkYdQ
DA:960,1,fxtMeC5r45YQdBA4wQMMNQ
DA:963,1,K3V9Y69tGO3LoYlG7GuT9Q
DA:964,1,hOohGz3HlxsefROi8CwUeA
DA:966,1,Kbbzs/h1jBlnnCGk7ULoMQ
DA:969,1,Hr+HX0IVzlHMYvp4XTiaTA
DA:972,1,h0CW/80XDdRotAeTEKRCZA
DA:975,1,L3jkZUbaSlzj6pNbSpsdGg
DA:978,1,0jCubv9BipENE5nBig4pwg
DA:979,1,rYppMRCPOi+aeOUu+9i2rw
DA:980,1,2Pr8ciHM9PFR9fuxy6hjlg
DA:985,1,xhYheesnoRqfOq1sTiqVMQ
DA:988,1,4r60fCl2J9oTOblG+M/yig
DA:989,1,zrdY2IGG8b16wJsMxkxH2w
DA:990,1,n+LGrMsFgAmlPan3IqgHow
DA:993,1,KUWzUDtvGqkjWnpfQnGJIQ
DA:994,1,gUVSwyqVz9D8u3EOG+3yxQ
DA:995,1,Se1a9M5/olvkmJZ4awTpZQ
DA:1003,1,c8bV0qfzv0H158BQb+7m2A
DA:3,0,oYVJ44zWSGTpFyw0xMO1qQ
DA:5,0,6M7Od9LG8VZFaCR13SBZHg
DA:6,0,alhqY67S0C95tU2mHEg3Lw
DA:7,0,+foNqoCLtWyjtTAJm7Ag3g
DA:10,0,XBREJIZTCLM0W+1HUGwA8w
DA:14,0,fyiUP88TdzupcpVDqBvsNQ
DA:20,0,7S25/GwnJWI9rK1K5SPufw
DA:27,0,ebDxjGy/SZEGArM3fhEwMg
DA:32,0,QArSBrtxgP0ndEZCw33fTQ
DA:37,0,n8kIKPs+VmJCr6FS9pNvZA
DA:47,0,1m7MTITLmAsBUncc/TruEQ
DA:56,0,grpXAFOGQA15SONgSZ307w
DA:75,0,JR0bIOzYTo5ZrYo4OeYpZQ
DA:76,0,AF3RWdpGbMl+cguSIw1n9w
DA:78,0,tLQYgAfd6/awwaoGutyggA
DA:80,0,Qso9Sv385ZvZCoU/LbBsYg
DA:81,0,urbAwoKsI3gB1xMJyr0Lgw
DA:82,0,KE2MvckU0zimz7cdcmpUZg
DA:84,0,f3jAqVp7rxXm9xdX7b91yQ
DA:85,0,0YfdA96YOxEKj5gCsik7DA
DA:86,0,Zb8HCNQ55z990MsObqAJuw
DA:88,0,TEtsa5vkHQcNtD8tln1IuQ
DA:89,0,xw17vox6NOxqZDoclMb9Uw
DA:90,0,brub7X6nvSvU0Bd1ENXmcg
DA:91,0,SiXS4WJOikjI3F3Jvl7cRg
DA:92,0,5gKDHqPZf4CRPT10JUnNpw
DA:93,0,iMBqyGNQcTf90g/f/MLMTQ
DA:94,0,gY3iqA2G7EG1mt17PgX7Gw
DA:96,0,p3R2X6eXu/i1qLbln9EqbA
DA:97,0,aMB9yCfPE5Q58sMkQK1yEw
DA:98,0,Mkii9h1kg04O2lQbjUiBVg
DA:100,0,XwvIi+7kSATok5bU5ykSSQ
DA:101,0,DDR2u6Wsw56kCvIkzyi3Ng
DA:102,0,71hZdT1pmPquUAlcDu2V/g
DA:104,0,AqY3A6rIf3937HgnmqrRMA
DA:105,0,gGiMJ5yRnI3+62xhx7w/0A
DA:106,0,Z3JcLKZvAowfktyo/nzYYQ
DA:107,0,qSyu/6Z4q8u4xPazZ09NsQ
DA:108,0,QyTJYQ0gUAuS/2gzdhhgnw
DA:110,0,IF0Sukmwkc4l7sFR2eLDTQ
DA:111,0,B5Q0U3dkdtR6CYFhN3+0bQ
DA:116,0,3GXqT+35ZHBzvbBGX7atJA
DA:123,0,+LCOb5WF2Rl55mJxfZ7B2g
DA:124,0,rTIUUsGjqiQ2FoQKgQkeYw
DA:127,0,2p2e5YTHI2/TI7mmCaQCCA
DA:128,0,4LgMgWBGno1n5MNJ8WRFsQ
DA:134,0,leWPu3a92U46XgI3/MVg5A
DA:137,0,2h9H0xodCKycw1ZblrEmtQ
DA:140,0,HmADa1g/W1C2Vo9Wm4sNNA
DA:141,0,Lzzb4udF/2znUubX/g6W6Q
DA:144,0,HmADa1g/W1C2Vo9Wm4sNNA
DA:145,0,CPnT3vfv4qzYaNO+gsuxZg
DA:148,0,HmADa1g/W1C2Vo9Wm4sNNA
DA:149,0,hp4nS15THDlU+SIsSd0uDQ
DA:152,0,KreFH4WG1InwCd8bHca6kA
DA:159,0,bZtIw7CkPhnHghKwTHgwCA
DA:162,0,QxTsbMGPtj3oaS2U4Qka0w
DA:165,0,QOJ5a2Fpy22t741Myqqs+Q
DA:168,0,DJ/bKH7TOCzy3bqK0KHIgw
DA:171,0,+RuzgsASJ0KEWoDURE05Bw
DA:174,0,+RBGj9Yz2pOuDEQIF+XYDQ
DA:176,0,GDjeyqBVivD0fgBPbARFQw
DA:182,0,iLIS51vnNrAxU94b6mov6A
DA:188,0,p10ObyV+4NZVEE/4aTjUww
DA:191,0,9j+NU5RqJiogxbl6v5PtsQ
DA:195,0,X115G4CwmLkek13LoY9EUg
DA:198,0,LsZ+fAoV8jIOXTo0X1AJZA
DA:201,0,GJPDQGaguJwOJmbL3MX44w
DA:204,0,aLO4mh4jdTRyoLeCa5v96A
DA:207,0,gUM9Aa7eTglu0cO0NiJL7Q
DA:210,0,skUIIdb3R/cghhOO9LAVlQ
DA:213,0,j+CcxAIEiLeqjzkbiEHnZA
DA:216,0,ovL+DZA8iIU6vgaCvI/v5w
DA:221,0,SwMcsoSk+X5v1WBtmihSsQ
DA:222,0,+dJkkeVP6r+Kmv+PFtzbnA
DA:224,0,VQ/E2LJELbO0kuOoSiW7jg
DA:265,0,vVTuJ8mw94t1RPQpw61fxw
DA:268,0,eDNiCCSVh/kEiH50rEh84Q
DA:280,0,tL2zIDv9vDwhusT0ngRgYg
DA:281,0,KrBCuuABWDj/WXamP1AHHQ
DA:282,0,NeYF72/99pW4AlFdq16cww
DA:285,0,YjLeJ5tqJlk/OIAn8L3a7g
DA:287,0,8bZhDL+IPZZSJsD91JJzfg
DA:288,0,ZsPI7IOzVWacIAL6deimNw
DA:290,0,7SJwvNgY3Az2jQ/Tfsjilg
DA:291,0,ZsPI7IOzVWacIAL6deimNw
DA:293,0,YrkFPCyTShozN+gzX3udew
DA:294,0,ZsPI7IOzVWacIAL6deimNw
DA:296,0,bNcXAiG7I4rIoczLECHmaA
DA:297,0,g3io2rJ81dzWQazsgHf0PQ
DA:298,0,aqstVN2nd72txxwMPWHGmQ
DA:301,0,vieVd+l9klrX0y4ecpE78Q
DA:302,0,cU9xaT9aucLict5e7xVM5w
DA:303,0,mrgcQf+HB8BkkXsm3OquEw
DA:304,0,KUblC4XmRyTKS8jpJxX2eA
DA:305,0,drWgkqAp2OYfRA0YR4dNLQ
DA:306,0,GP+reEVyauMe7RY/0ZbqZw
DA:307,0,Bvqne0963YN632YxCgRITQ
DA:309,0,z1UZ1yn2NYiYhdKEH/cSaQ
DA:313,0,R7EAdDJmEbiOuZmmnIaKsQ
DA:314,0,sHMtfIwcDFKmFsauXLHdyg
DA:320,0,leWPu3a92U46XgI3/MVg5A
DA:323,0,X115G4CwmLkek13LoY9EUg
DA:328,0,j+CcxAIEiLeqjzkbiEHnZA
DA:331,0,ovL+DZA8iIU6vgaCvI/v5w
DA:336,0,7SJwvNgY3Az2jQ/Tfsjilg
DA:339,0,YrkFPCyTShozN+gzX3udew
DA:342,0,8bZhDL+IPZZSJsD91JJzfg
DA:347,0,bNcXAiG7I4rIoczLECHmaA
DA:351,0,YU8vvVhV4UrozD2EQf1kTg
DA:354,0,lvEuPDokx0NioyFvG+l83Q
DA:363,0,CElkMuI3pzWOVFc1eXPNCg
DA:365,0,afJqSxR0pMWWpggoIlU6ow
DA:369,0,4buiQ7Zhm+k23YMlW+GU7A
DA:373,0,ZQXwFnYmqgNen4WCT49b2A
DA:374,0,bjmPhTKOZqxPHHhDwOAzZw
DA:377,0,Nnqu9X+lU2lagW39QNhFWA
DA:378,0,fxWvuefbC75nIK/GaCk2Hg
DA:381,0,Nnqu9X+lU2lagW39QNhFWA
DA:382,0,VcnNFCEMUpK97ygGmBx0YQ
DA:385,0,Nnqu9X+lU2lagW39QNhFWA
DA:386,0,LXtCVk0MNToJq95oUNkJ+Q
DA:389,0,Nnqu9X+lU2lagW39QNhFWA
DA:390,0,LJKFrCa1GeCGdLMCUEhebg
DA:391,0,/oBxqg2VNH/Y/njFwST7Gw
DA:393,0,HmADa1g/W1C2Vo9Wm4sNNA
DA:394,0,uFEMt7gjWTfblAvvOvBGqg
DA:397,0,HmADa1g/W1C2Vo9Wm4sNNA
DA:398,0,0x1Lk96EuvEsfhDsJR/rlQ
DA:401,0,HmADa1g/W1C2Vo9Wm4sNNA
DA:402,0,XcjXvNr5RMfhhpwqnaFOJQ
DA:405,0,eFd+0xB68DyDvvcpO4XWng
DA:408,0,S33vdnagMA3fGvhTLlDYsQ
DA:413,0,Ei+qX5e8bDmr3pNRBoOJbA
DA:423,0,KreFH4WG1InwCd8bHca6kA
DA:426,0,bZtIw7CkPhnHghKwTHgwCA
DA:432,0,X115G4CwmLkek13LoY9EUg
DA:438,0,LsZ+fAoV8jIOXTo0X1AJZA
DA:441,0,GJPDQGaguJwOJmbL3MX44w
DA:444,0,aLO4mh4jdTRyoLeCa5v96A
DA:447,0,gUM9Aa7eTglu0cO0NiJL7Q
DA:450,0,vuWRfy13PQmDaKmx8+kuXg
DA:453,0,+teSZ0MFwVMRseK6e1gmMA
DA:456,0,SwMcsoSk+X5v1WBtmihSsQ
DA:459,0,leWPu3a92U46XgI3/MVg5A
DA:462,0,esPcA5kauPulZ3PruWK9HQ
DA:464,0,ovL+DZA8iIU6vgaCvI/v5w
DA:469,0,vVTuJ8mw94t1RPQpw61fxw
DA:473,0,a6qMgfPsYCaJHSN0nZKvzQ
DA:479,0,c8bV0qfzv0H158BQb+7m2A
DA:482,0,V3D8OZDwxSyPvl8LcTdC7g
DA:483,0,9mt5oQ7j8thviwV/Tynslg
DA:484,0,8F24QUFJvBX/HNuX9Vn14Q
DA:487,0,Fiws67A5Io23pQL2ER3DSA
DA:500,0,oK3885QBkjrwUN/nWflV9w
DA:513,0,afJqSxR0pMWWpggoIlU6ow
DA:519,0,aqstVN2nd72txxwMPWHGmQ
DA:524,0,vYdwZSYJb4W7gBId9Sz+sA
DA:527,0,bDOHirmsvVMiXTnlHG8IyA
DA:528,0,9iSsOnUBF978ta+nu7zEJw
DA:529,0,JgmOapGApp+fRHtIcUeBAg
DA:530,0,QX1uvtivKGi/+KkzlN/65g
DA:531,0,2wugiS/1aODmDJm/C5/iCg
DA:532,0,gU9dJaIRGa7W9Q3I9wNugw
DA:533,0,f64wwUp0VVy0XPZrJ7HoEg
DA:534,0,NiwxHwv5eucf140fIrH8UA
DA:535,0,Olq8aXawOwrYGjTZeHPFyg
DA:538,0,aqstVN2nd72txxwMPWHGmQ
DA:542,0,aqstVN2nd72txxwMPWHGmQ
DA:546,0,JSz8Ud60yFA5iy0AJqQyVQ
DA:547,0,THIqcCFkQ3pPJdfStqBhbg
DA:548,0,vYdwZSYJb4W7gBId9Sz+sA
DA:549,0,XBtbV0FDKB5Xn2oj92Pq1g
DA:550,0,x8xffDAmpMzzs6DfrOE1Hw
DA:551,0,vVjI+uZHmLe++7FFcoMPhQ
DA:552,0,9iSsOnUBF978ta+nu7zEJw
DA:553,0,JgmOapGApp+fRHtIcUeBAg
DA:554,0,3/5r5hkHRfgC9tBR9lFsUw
DA:556,0,afJqSxR0pMWWpggoIlU6ow
DA:560,0,KOMNbCmWSvOzaAMAbxjrsQ
DA:567,0,Ur1oRH5NXIASEmbXcNIwbA
DA:574,0,LwyvZ9a8BoCiSynyysgOKA
DA:575,0,9f+GfEO4piIQSrGLxRbwoQ
DA:580,0,Nnqu9X+lU2lagW39QNhFWA
DA:581,0,LJKFrCa1GeCGdLMCUEhebg
DA:584,0,HmADa1g/W1C2Vo9Wm4sNNA
DA:585,0,91w3jgd5TI//VytzB/sCkA
DA:588,0,HmADa1g/W1C2Vo9Wm4sNNA
DA:589,0,W8/l6HqfGjVT/H1yCqTENg
DA:592,0,HmADa1g/W1C2Vo9Wm4sNNA
DA:593,0,BfSOKxJ4o4gEI4zosTtCjA
DA:596,0,HmADa1g/W1C2Vo9Wm4sNNA
DA:597,0,pm//DtyW38KPs6cCtANXYg
DA:600,0,HmADa1g/W1C2Vo9Wm4sNNA
DA:601,0,TQE37HMUl3B6KccdPueadg
DA:604,0,HmADa1g/W1C2Vo9Wm4sNNA
DA:605,0,ROtCuhRbZNyJDra25bekkA
DA:608,0,ik/RADfG037cQmMq4+TxMQ
DA:626,0,1lVXIwmcamXzLMyKgneZog
DA:629,0,leWPu3a92U46XgI3/MVg5A
DA:634,0,esPcA5kauPulZ3PruWK9HQ
DA:636,0,skUIIdb3R/cghhOO9LAVlQ
DA:639,0,X115G4CwmLkek13LoY9EUg
DA:644,0,LsZ+fAoV8jIOXTo0X1AJZA
DA:647,0,GJPDQGaguJwOJmbL3MX44w
DA:650,0,aLO4mh4jdTRyoLeCa5v96A
DA:653,0,gUM9Aa7eTglu0cO0NiJL7Q
DA:656,0,DpIPGDAihqf4sRhh8zGKYg
DA:670,0,ovL+DZA8iIU6vgaCvI/v5w
DA:676,0,lxk0rROsi9t6bBmHfAHt/Q
DA:679,0,Pv7VcvlRXesaSTsV5ip/Sw
DA:682,0,95XIk1x2AQ4dCDygv5+Yzg
DA:685,0,vVTuJ8mw94t1RPQpw61fxw
DA:689,0,a6qMgfPsYCaJHSN0nZKvzQ
DA:695,0,xK0npXhYpZMA/+fFr9A2YA
DA:698,0,ktfWA3m0qCUB7FAHG7D9UQ
DA:701,0,tCP9DdxBGULdzwhSTvvBbQ
DA:702,0,e+cw9RN+u028IqoNVUMbQw
DA:703,0,lHKhxUSVlIkzroO8cXanaw
DA:706,0,wufuXbMvb2GcWFc11t8ONw
DA:707,0,4LgMgWBGno1n5MNJ8WRFsQ
DA:715,0,Nnqu9X+lU2lagW39QNhFWA
DA:716,0,zrhzvxW0Hlyu8OrE5+L1Aw
DA:731,0,Nnqu9X+lU2lagW39QNhFWA
DA:732,0,IblaQ7Wro3lMa4qyqE8EOg
DA:735,0,Nnqu9X+lU2lagW39QNhFWA
DA:736,0,LXtCVk0MNToJq95oUNkJ+Q
DA:739,0,Nnqu9X+lU2lagW39QNhFWA
DA:740,0,LJKFrCa1GeCGdLMCUEhebg
DA:747,0,Nnqu9X+lU2lagW39QNhFWA
DA:748,0,RaTRtmCYfkUIVuXJjf2UUA
DA:753,0,HmADa1g/W1C2Vo9Wm4sNNA
DA:754,0,uFEMt7gjWTfblAvvOvBGqg
DA:757,0,HmADa1g/W1C2Vo9Wm4sNNA
DA:758,0,0x1Lk96EuvEsfhDsJR/rlQ
DA:761,0,HmADa1g/W1C2Vo9Wm4sNNA
DA:762,0,XcjXvNr5RMfhhpwqnaFOJQ
DA:765,0,HmADa1g/W1C2Vo9Wm4sNNA
DA:766,0,91w3jgd5TI//VytzB/sCkA
DA:769,0,HmADa1g/W1C2Vo9Wm4sNNA
DA:770,0,W8/l6HqfGjVT/H1yCqTENg
DA:773,0,HmADa1g/W1C2Vo9Wm4sNNA
DA:774,0,BfSOKxJ4o4gEI4zosTtCjA
DA:777,0,HmADa1g/W1C2Vo9Wm4sNNA
DA:778,0,pm//DtyW38KPs6cCtANXYg
DA:781,0,HmADa1g/W1C2Vo9Wm4sNNA
DA:782,0,TQE37HMUl3B6KccdPueadg
DA:785,0,HmADa1g/W1C2Vo9Wm4sNNA
DA:786,0,ROtCuhRbZNyJDra25bekkA
DA:789,0,KreFH4WG1InwCd8bHca6kA
DA:795,0,bZtIw7CkPhnHghKwTHgwCA
DA:802,0,dbKAWCxvua0je/cxCCTRKg
DA:804,0,DpIPGDAihqf4sRhh8zGKYg
DA:822,0,X115G4CwmLkek13LoY9EUg
DA:827,0,LsZ+fAoV8jIOXTo0X1AJZA
DA:830,0,GJPDQGaguJwOJmbL3MX44w
DA:833,0,aLO4mh4jdTRyoLeCa5v96A
DA:836,0,gUM9Aa7eTglu0cO0NiJL7Q
DA:839,0,d1f2k792Z9XpynENgbAIbA
DA:848,0,5ffedYpEOOso7WAkdJp7zg
DA:854,0,7sq/gRXbFgRMhhDg9rr0nw
DA:857,0,D7wsmNA07EhwDJ7kYSchXA
DA:860,0,y0og6TXJJHISFNEIQHQYAA
DA:863,0,ik/RADfG037cQmMq4+TxMQ
DA:897,0,krZSncr8f9mrNnpES/HhLw
DA:910,0,VrVidCtlKnV1+yd5RJaCZg
DA:936,0,g/M2Dc0BlJwu2Fk9f0aR8A
DA:941,0,lxk0rROsi9t6bBmHfAHt/Q
DA:944,0,Pv7VcvlRXesaSTsV5ip/Sw
DA:947,0,95XIk1x2AQ4dCDygv5+Yzg
DA:950,0,S33vdnagMA3fGvhTLlDYsQ
DA:959,0,eFd+0xB68DyDvvcpO4XWng
DA:962,0,Wb04rB7EjUXjkpgtiWxlhg
DA:968,0,vuWRfy13PQmDaKmx8+kuXg
DA:971,0,+teSZ0MFwVMRseK6e1gmMA
DA:974,0,A16PNjjMwRWuByugsL74gg
DA:977,0,leWPu3a92U46XgI3/MVg5A
DA:984,0,j+CcxAIEiLeqjzkbiEHnZA
DA:987,0,ovL+DZA8iIU6vgaCvI/v5w
DA:992,0,vVTuJ8mw94t1RPQpw61fxw
DA:997,0,a6qMgfPsYCaJHSN0nZKvzQ
DA:1006,0,3gttu7kLy6ERWdKnCe0FTQ
LF:730
LH:448
end_of_record
TN:
SF:test_DateTimeExt.py
DA:2,1,mUDsnWRiqW9R9nTILGKIZg
DA:3,1,7Z9Lj4ed27Wf2hBX6jooEA
DA:4,1,oEIuJR/HFLhMPdEkrMtxUA
DA:5,1,GrXUT4DV4Ws5dxdQmTDWhw
DA:6,1,lZA8v4lyOmb9vRQiuRBbpg
DA:7,1,E/tvV9JPVDhEcTCkgrwOFw
DA:11,1,RuZ5KcncCoRYUb0REMXZIg
DA:12,1,6bHSGrDPHLZKrEy4MAbd9w
DA:13,1,JL+MqWUKK+HB9To6F+4nlg
DA:18,1,AxXkO49JPfx0efxuF1ZRXA
DA:19,1,cNdoCM7GXYl0PGZ+CUAvDQ
DA:24,1,wlFI2cP/+a4CcmmoPvwaTw
DA:28,1,BxgKzsSL+N++7VI1kT2U7g
DA:29,1,1oHee2jh88Xb0aemZO47Zw
DA:31,1,M+0PdJDFzxojL6u/waWhuw
DA:32,1,DdD+lU3OEJ4pQSXwb98lJQ
DA:35,1,PCd+tTkojc+/9k3Gg2wfWw
DA:14,0,WHxVo0uQlRzaUBZejk9t9A
DA:15,0,cgwOGLrLoWqwBsbclMp8hw
DA:21,0,OoDLESpnR+hUlNtqr5L2HQ
DA:25,0,KjWaK7veRNWiT5/+NdqrQg
DA:37,0,APy8sv1vBVX6MHZCmVJsgw
LF:22
LH:17
end_of_record
TN:
SF:test_datetime.py
DA:16,1,mUDsnWRiqW9R9nTILGKIZg
DA:18,1,kRe/IFYy9KIgheLVCPv3cQ
DA:20,1,xQVNdxAJxuGw1z9RcZmDQw
DA:64,1,7Z9Lj4ed27Wf2hBX6jooEA
DA:65,1,oEIuJR/HFLhMPdEkrMtxUA
DA:66,1,GrXUT4DV4Ws5dxdQmTDWhw
DA:67,1,lZA8v4lyOmb9vRQiuRBbpg
DA:68,1,E/tvV9JPVDhEcTCkgrwOFw
DA:72,1,RuZ5KcncCoRYUb0REMXZIg
DA:73,1,6bHSGrDPHLZKrEy4MAbd9w
DA:74,1,JL+MqWUKK+HB9To6F+4nlg
DA:79,1,AxXkO49JPfx0efxuF1ZRXA
DA:80,1,cNdoCM7GXYl0PGZ+CUAvDQ
DA:85,1,wlFI2cP/+a4CcmmoPvwaTw
DA:86,1,KjWaK7veRNWiT5/+NdqrQg
DA:91,1,HgHU2C8aRfMYU19mgcENgA
DA:92,1,lknIUNhfuAWZUPVe26YFvw
DA:93,1,Iwjj3y+95FjGVt6q+/PYoA
DA:94,1,LijkeqQ+ggh4aT0Aa0a8iw
DA:95,1,xW6nmtlQwkX4/VGMzGbUWQ
DA:96,1,KqdlJ/4Wi0VYBU9kC1BgtA
DA:97,1,R6Cz6yke33ZAWwYZYwK/Uw
DA:98,1,hxyubGh1aqqJiTtSn8zNEg
DA:99,1,VL+HXm1H66pM9Z0Mh6NqAg
DA:108,1,dspDOPXXNEmuE6X8CHpX1A
DA:109,1,/+Mx734oakSaFbkJUZ3KHQ
DA:110,1,YZsXTfqyqEmP3OtjDf2uxw
DA:111,1,ZdB62sqYCpF6ZnPTDdpBmQ
DA:112,1,OYvDsP8TXmCg34dyO4OhHg
DA:113,1,qz/1en1xi3HXKU6E2fOLSA
DA:114,1,XoWkYVghhEoUzHb2Um7O9Q
DA:115,1,dEMZm78d9H66dMD4pP2wnQ
DA:120,1,2sXH3DmyEGwqirmJrhMfDg
DA:121,1,Op1ItwU12Lpbe6zMVZNY8Q
DA:122,1,2BPEFJWcMv+jBmuxgdTvaA
DA:124,1,V8EhHdxiWsP3hZ1fCs9uvA
DA:125,1,QPJd+s0gKXkX0VrG4eVweA
DA:127,1,irsMnz6FBt+t6Uma1l3snQ
DA:128,1,GrT+4b8bWlSnxJX7sxkyBQ
DA:130,1,bPNJG131svot7SjTe0YKRA
DA:131,1,4EVSjJdQJRhKqWHz1rZkYw
DA:133,1,AYDPB8211rcpKU+vQr077Q
DA:134,1,sVFCwYLbBonLa9O8g+IBpg
DA:136,1,DKDdnP7ZhIg2eiVnnLs96A
DA:137,1,QKwMQ1Gol2MSdeBVOJ6FLg
DA:139,1,V0jtmlWV2X2HP1s5jgEjaQ
DA:140,1,ZY+jGWfiPejRWcVNz4XduA
DA:142,1,xrqbyGpUba0rp4fTUbFn5Q
DA:143,1,DiC0SP3mpX/NuQhvIIEHiw
DA:145,1,bzbk+q5kNWKgx0QJ1TYDYg
DA:146,1,P6A/k76AbhMxWWzdE8ZAdA
DA:148,1,uGUS/Pc5uwk7TusfRvl8Lw
DA:149,1,+vkQkgp4GK1YF6Jv83I1Cg
DA:151,1,/0ymL5yZTdAaT0Q5Tt0d2w
DA:152,1,u9Ju2JmgbemAqmedJ7lW1Q
DA:154,1,yJsNrhCMIkFO5wprYGFszw
DA:155,1,BxpEH8ddADJTwD5xRhCUzA
DA:157,1,DiZNw9oESA2+vfhhTWCY+g
DA:158,1,ZthfaZkiGMvwgaLXUkB+FA
DA:160,1,nCdxJZNzoV1n48FcLVWuLg
DA:161,1,9466zmJkYTwk36Iubf1+/w
DA:163,1,+vv/1LDZa/vAfY5jgr5eew
DA:164,1,GrsAJe34y7oy2U3AHDKaNw
DA:166,1,kNOIQeRnBOhOBRgfrRCFXw
DA:167,1,vxShihJuM1mbBU55SGttfQ
DA:169,1,+5sPXP/KXVtxNMPxNbTRXw
DA:170,1,kiF+iAOsn99tHqy4gwnvvQ
DA:172,1,6KmRESTrlsh4tTJlgkj3Gg
DA:173,1,1RRMZ9+AswEQPbiRD0Ac9g
DA:174,1,z02MrW6JWXbE9OOTJqL4jw
DA:176,1,6KmRESTrlsh4tTJlgkj3Gg
DA:177,1,CTAa9u6pSKwdluiO0fQWig
DA:178,1,wsSzwINFVO2t279XMyzQqg
DA:180,1,6KmRESTrlsh4tTJlgkj3Gg
DA:181,1,Ud23Pk1vhdBGgWW6cTDirQ
DA:182,1,O3PWy/8CI7e95eP+5QlCQQ
DA:184,1,6KmRESTrlsh4tTJlgkj3Gg
DA:185,1,ieQrUGK2tECU73Yi5m6rQw
DA:186,1,VBaI29cSJMYHLw+afu9p5Q
DA:188,1,3vh4gXSc/fnkbnfNaa7pUA
DA:189,1,/4WjEyJEhiglqsFQ3Zh5Tw
DA:191,1,lZPL4cCOo19/MypM+dhpHQ
DA:192,1,cDGvLv+ToG15itcwdBr3hw
DA:193,1,ElubBfzV28YANOCuTbWaIA
DA:195,1,jOvokpq8MAQW+ChDkpDUXQ
DA:196,1,09T9FepiY5fNeXno9zcroQ
DA:198,1,epO+G1a2Lz77Ynh0q6ewGg
DA:199,1,OTTsrWWKgFJntXjRA2ukbQ
DA:201,1,KoplCWMgjBze7ZJHiUrcRQ
DA:202,1,UiAPrX/OAV/JWopYklmObA
DA:204,1,N/p4VnzJDBfXC6qwDd3OHA
DA:205,1,xWZKmuV2LwuVG09N6mSrsg
DA:207,1,9TXHAtSAUSEgGDKcFa3d7A
DA:208,1,Y3IRK/POET3bsrkJBcM01A
DA:209,1,+2qUqI3YzszJDEb2c0apOw
DA:211,1,Yz1RwwecDd++3m7aGdjMCg
DA:212,1,LoNzJ3xs8HF8WsJf9dMB0Q
DA:214,1,crdZCb426xmvrQps9SBAkQ
DA:215,1,cKwv9Tll0bBhoEtlUpJ9SA
DA:217,1,kQ7PoyZV0YijCDqBwxFsxg
DA:218,1,qd5XmOS+l1iezoky85/TVg
DA:220,1,mUEh6GJflxXeSBgWtIPu0w
DA:221,1,6P/iPQyvkIlVLjRuEHuBDw
DA:223,1,M0SkUWv5TlOytJ3k2qHfBQ
DA:224,1,nV4D3HmiY3fM97l4SU95Cg
DA:226,1,56xedQeKTTvWRt7i75CubA
DA:227,1,VvuJwYL4AXp6eeHKDLyq9g
DA:229,1,rLdu3HdU2njyIJRKC6hyTA
DA:230,1,a4BclZdaxujTQQKi0AHDaQ
DA:232,1,LcilHYiE+jQ0t4wc8alwTw
DA:233,1,3ZUltNCy0/UEFxwRWYiPhg
DA:235,1,Su6RYEZljIUyr7p/8WysSQ
DA:236,1,kQZV5VR9B8qkwI0WrKq/2g
DA:238,1,IhZaUoJ9wlCTSc96xpMDfg
DA:239,1,zciVKVDnVsXmaIWG92ICZg
DA:241,1,iE8ZvvklO3OVn7wqHhFbIQ
DA:242,1,ni0TE5nbmGx5g+pIkFNGyg
DA:244,1,zqbh/dAD999DErq6a9pZQg
DA:245,1,CjDp1P8EdNhwdG5ahGIDnw
DA:247,1,VQaZ0GrbU36eelysKczmNg
DA:248,1,OZhsRNh+WtF5wXABS9SUtQ
DA:250,1,XJdngfp0FTIq/gbyvFGgrA
DA:251,1,izSCgpHmiH3mBgan4UohWg
DA:253,1,n0kK5LmV+xxehfhW0iUDsA
DA:254,1,1RRjnlXv1ltjpalmnjZqmQ
DA:256,1,3BztlYLUbOkUKuIQ4Ju+Tg
DA:257,1,hdjoTcQoraiFgmJZoLsPNw
DA:259,1,/DWqAgEruF4JlO+TllwswQ
DA:260,1,dw12moasG5ZShVwAqQHSOg
DA:262,1,j2cVUQcjyxRWC4kzO9DpDQ
DA:263,1,a+WKV5gqWG9eXsvsLGsZbA
DA:265,1,4RG6sBWz+7n1JGAsn38knA
DA:266,1,R75bn7dHbp5AWOglADfcSA
DA:268,1,IQXUUx4rC8lrjrPVDwnAjg
DA:269,1,52bha9lDz4SdK5ZOrcb4VQ
DA:271,1,MlexqgkjiY7paAd0uV2nPA
DA:272,1,NAtjMMJsoEenlM0NDzaWIA
DA:274,1,/sOixy4Ga24mh4lKaoo4fQ
DA:275,1,SkvEjwGm1x5Jhw9gIG+vWg
DA:277,1,2uTHUr36aKTkH10Gabj82Q
DA:278,1,j6b6jho5AuDGryeIVvpaDA
DA:280,1,pnIiFOpzjmADLk8AEeKKsw
DA:281,1,2UHAOY6GjPTKZPVg8FdbsQ
DA:283,1,Nutwb0YSBpb/oowvyJmXJQ
DA:284,1,brVgZSaaTu6imKdcQUevWg
DA:286,1,d/jlVDewwCsy7KRXTYCnUA
DA:287,1,JIJ4CTIN7Q/tpGfHNb3oBA
DA:289,1,lATdPZjSwZ4WHo1cwt5PiQ
DA:290,1,pYSoIqYm9LhknpyTsWVrgA
DA:292,1,QK9vaTr+wswfw953ZsYIAQ
DA:293,1,hx+IoEhc1bqa7S3nUFLw2w
DA:295,1,2uwsnNtMDrBSKTUiUlqgTw
DA:296,1,+vJMLYCFjQBYmu4VNGNmtA
DA:297,1,9HStZ+MSQMmIl5WOxf7JZw
DA:298,1,B5nvtEje4gdWXYkQnmlqwA
DA:300,1,bpqMZc3SgrNFShmP9Rz+AQ
DA:301,1,3tDv0D7+57Kuh2yjuvwesg
DA:302,1,6KO7cvEb1j2f270WdyWmPw
DA:303,1,FLVG5SWD+EtG2DgsjLffNg
DA:305,1,igU2zJ2NYKM3+FCYjmMCVA
DA:306,1,XbpUbmlCUBpIQobYVRbppw
DA:308,1,XRHhEn3hHWDSFP2MzabS3w
DA:309,1,8pzQe2wIoPfCUpPixGk07A
DA:311,1,L8AMu5BIyyIopcA5G2SPmw
DA:312,1,42cSVuTY0OqGhV7+8PVM0w
DA:314,1,gXr2ZFZWzrTd7YqrtQL0Tg
DA:315,1,dU40w/+avjfVgivkK0S9SQ
DA:317,1,NP3ZDryiH2Y7myeFDzVyfA
DA:318,1,9SPBZOxkBl2ZR/nMD6ROaQ
DA:320,1,08sdiMhsKPX0eAwGlDfmBA
DA:321,1,+vJMLYCFjQBYmu4VNGNmtA
DA:322,1,9HStZ+MSQMmIl5WOxf7JZw
DA:323,1,KXExUCv2zNHQ4ekptpS/aQ
DA:325,1,5NjF/uC02QB2kN3xIKyhRw
DA:326,1,3tDv0D7+57Kuh2yjuvwesg
DA:327,1,6KO7cvEb1j2f270WdyWmPw
DA:328,1,r/15U4UlGuP6GWJZSDO2jQ
DA:330,1,0QZTIyWlo/fgpvKsluFl7Q
DA:331,1,3tDv0D7+57Kuh2yjuvwesg
DA:332,1,832m6ooma1swQo8z3T+6rg
DA:333,1,BA5Gysyfu0XjeGHRPz1RjQ
DA:335,1,zb8SOi+PsA1fPxEmoZuxuQ
DA:336,1,1htJQgU5Xvt4T3wjCfku7A
DA:337,1,832m6ooma1swQo8z3T+6rg
DA:338,1,BA5Gysyfu0XjeGHRPz1RjQ
DA:340,1,KHhHbMForkaXlnmcaMHYzg
DA:341,1,3tDv0D7+57Kuh2yjuvwesg
DA:342,1,y4BKM38tQGi0zS4zpXpN+A
DA:343,1,3ekLQ24f7TZQufZ15XVYJw
DA:344,1,BA5Gysyfu0XjeGHRPz1RjQ
DA:346,1,QKBDwKlzm2CWh40Du9xrTA
DA:347,1,1htJQgU5Xvt4T3wjCfku7A
DA:348,1,y4BKM38tQGi0zS4zpXpN+A
DA:349,1,2Wafm0ju0pwOt4TPU8IxyQ
DA:350,1,BA5Gysyfu0XjeGHRPz1RjQ
DA:352,1,jo8QgV3dFWiSVLXsi/Gd/Q
DA:353,1,50YhNP8fawMvdKogk6+Gig
DA:355,1,V7UG0coTyRB3r1x1LF2LRw
DA:356,1,psxLuoMY25jvuXGwLprg+Q
DA:358,1,K42bg2voeCkjR09D0NCNvw
DA:359,1,m4kb/pc1NA8F8fuvKnDj+A
DA:361,1,9+3OiP/4VhzTaZTzrV/gkw
DA:362,1,v0RJ8cbdKEX5rq9f7U2e2g
DA:364,1,y9Eni5rW14EuC/fwEP0N0g
DA:365,1,8H9w4SlKuioMM+MAl5/7Eg
DA:367,1,Vw42dxxSTo3pvBZ4rPFtxg
DA:368,1,+1oKtXNhd85KGcXYu+lKcQ
DA:370,1,ITePoOpyJ4xxAMVUA7nbpQ
DA:371,1,n7jnuznExvCHh0L9HxrHFA
DA:373,1,C1hZgra5tBP6yT45y0DNRw
DA:374,1,7DC7HZPxYL2Pr6ugfpjIMQ
DA:376,1,AUqdSD2ZdXkFxseZeKp0dQ
DA:377,1,JWq7vUri5OuVVzNKb8LZtA
DA:379,1,mWFVOl2L6fDUoXqnpf3ZYw
DA:380,1,mp3HtIUAVPjqMn8hg9pVeA
DA:382,1,wP1Ii4e3KOC1PrdCPq7J/Q
DA:383,1,6g3+pMmc9bBeud/X+28gwQ
DA:385,1,6EVxfMDaLHeQzpWxrzmYdQ
DA:386,1,+A17HfFGvPjMu9jXawEIQg
DA:388,1,rFlhPLpBSR/lJBNTVovI2A
DA:389,1,jENMAEi2nC4clyslrld78g
DA:391,1,a4ZPM9CTQNDoR9Dz0SiWXw
DA:392,1,0VTC/Q07mkNhTsw2AYhksA
DA:394,1,wXO1tx6JZrK9A+iORRUf7w
DA:395,1,/E/rTFKKibfVAUx98cB9Rw
DA:397,1,rJRDGeFc+ZuySKQGN6LH4g
DA:398,1,vNaF6OQ2U7mFZBdVHKgTIg
DA:400,1,L6Gy7Zmxj5uMpqw8+17q1A
DA:401,1,rrvmpDNobVhTSFoeReIEYQ
DA:403,1,RuV8t5ovtuQBYLq5bByS+Q
DA:404,1,9idOzzg5MOfgNQT2MJmISg
DA:406,1,SgV4gYLtNE1P+HwHmUQC+A
DA:407,1,OLU6J63zZgK/HLrpM5HPOw
DA:409,1,e8WT8HOwqO5hFfWshhkGdg
DA:410,1,YwJS7+2po3rTF89D3ZSciQ
DA:412,1,faONfKm3G9x8QkjT6KUj3A
DA:413,1,89xPNzd9zylZq1GLkkbudw
DA:415,1,zOo4J/EeMDruEtS2cmxW1w
DA:416,1,5P3kh0AR8a9Nh6NHNHFDPA
DA:418,1,akv4baNdpr+0h3HKBn7kGA
DA:419,1,fC6V5a/O8pMJL6fUjMm2OA
DA:421,1,jApTtMAmgIjCswdeuQpjCw
DA:422,1,p4M3MdgTrfK+EkHh0j93JA
DA:424,1,DY2Xh4k2l28hDVACVbmq5w
DA:425,1,fg2+m9DMIAFiNuynslwhlg
DA:427,1,SQKc9MgKdLU5SOgRHC4+LQ
DA:428,1,wqplylXVZUQvXJgUkc8jhw
DA:430,1,oZ5V+bL18W5asX/UB/rLcA
DA:431,1,8x7J+CvkhsQD6sgceoipKQ
DA:433,1,5Bqi8sDRQMgpYgCPQilAQA
DA:434,1,Tt8xDdNAUh4K0i/JD/uM2g
DA:436,1,FhBpYAfVY8a0n1MU/MrvTw
DA:437,1,E2CnoHg3Hium94x0P8LqVg
DA:439,1,KSYvwiyeCfj/kwjzT9F2kQ
DA:440,1,x1IOWEoSwD8/NZJ9XleEkg
DA:442,1,YabbLomd3CF4Brc1vEbOEw
DA:443,1,NN99OZG+sxv2eAozgpDagw
DA:444,1,UGRbl8R9RVQ7IEyikPWJaA
DA:446,1,aiWx2VCvqw/UwmwBoZF+dg
DA:447,1,tB29UHnE79voNZzBKyEUzQ
DA:448,1,L5a6BTeip70NMvKD4gjnvQ
DA:449,1,WLtO/rYKvgWz+EnLQfNcfQ
DA:451,1,AnQlaquJDF/k9O+NFA8MQw
DA:452,1,wrDnl/Dy4X9JJJEJAiCHuQ
DA:453,1,qfChp30Hh92KFScMZPFSWA
DA:454,1,NGbsbkYFkuXytV99VU2EEw
DA:455,1,74xyLpRl7pN1gJixpT+N3g
DA:457,1,bXmalgv2WsyLFapQHbyBGg
DA:458,1,mOxW9WjdQU32ysTZYwaGxg
DA:459,1,aoJk/ezy/nVetAIjb6tF0w
DA:460,1,INF+MMZIadm3VaiF8D8EHw
DA:461,1,E3KVGaVuIxFYgFP/R+m3JQ
DA:463,1,CPahdselUkSAM7QJ7d8s7A
DA:464,1,DMsQ5Nk1G2kUYM0+Vl4QRQ
DA:466,1,JIGP83Rv5tP0FueDOKxYRA
DA:467,1,d/6hyg2cEt5/Q/HAj5Oh6A
DA:472,1,1UidNv9kIR2spGUb89oSJg
DA:473,1,+xrltIi+nI9f08FXzXBpeg
DA:475,1,DljlbXowxitpvCIDR/ImDw
DA:476,1,VMoz3gXIeW6ZxRoBrMOmiA
DA:478,1,q33SPI8FtN1GxTQiNK+ANw
DA:479,1,zWA6I1sGkI+ZdEKERowFsg
DA:481,1,JhvI+hqS9pssIq9iPUbJcg
DA:482,1,ATOfu8dFZCXBy5tczjRWZg
DA:484,1,Ad/n/9/vex/MQjU/zG5kAw
DA:485,1,uZCndgod16JO7gvNm06CZA
DA:487,1,iZq9lehNgPwBHPgtQIo2Kg
DA:488,1,WdftRNjl7jHipLz12exHSA
DA:490,1,YoTZQXoRwD7ZQ3lms5IADA
DA:491,1,yk4Rao7SH7pdXNJk642Z9g
DA:493,1,5Qt8Z4CNXs2NDTVFh93lRQ
DA:494,1,0KmtkD5pCGFq329mnSoLeA
DA:496,1,tpOBEkwTLgiDnfgzDlgSqw
DA:497,1,41JwPRc++g4W/tSxd56Rmw
DA:499,1,GkurlPCYdZAm+Ce0IWqvJw
DA:500,1,VE3O2n6pwOUdcZxlZBQDQg
DA:502,1,ahkm87/tA/SsyWVg2NrRTQ
DA:503,1,ltT14ShKKFrw0dMcHsAq1g
DA:505,1,+4014UnUoC0s1x+szWtZxQ
DA:506,1,xXMfoK25Dx9uPLapWvMLYA
DA:508,1,oEGNHQtzWpYH/gnwGRAEcA
DA:509,1,8tOZlyNOMQPdc4DE4tX+WQ
DA:511,1,5602HcKV6ytqSCeJJTQNPA
DA:512,1,1AGWdKubvl0NR0ojUK7I0A
DA:514,1,BeHqBAgc+JAY0C+heXYa4w
DA:515,1,bw/HQR/lZlVg+rg8/OiUuw
DA:517,1,LEF24v0rrkSxufXrIQAi8A
DA:518,1,R92F365MRQD94cb5+jfu4A
DA:520,1,xYisxMSXXEDVP8YQniVZUg
DA:522,1,TrEBK1cEeYpxjW10rdqsOA
DA:523,1,R92F365MRQD94cb5+jfu4A
DA:525,1,nLWeO5i6ybGGiouLYYrY2w
DA:527,1,LyI2/JGzev2wcSZIP0mPRQ
DA:528,1,dmRJMbEN97VN20NkyDXt5A
DA:535,1,qleWmAQHKK2vjardwOcokQ
DA:536,1,50YhNP8fawMvdKogk6+Gig
DA:538,1,w+oHhcAjosxAEfMkOpd1QQ
DA:539,1,mOxW9WjdQU32ysTZYwaGxg
DA:541,1,zD3w6LRAa2XM4Lzc3FF5FA
DA:542,1,aoJk/ezy/nVetAIjb6tF0w
DA:544,1,by9v9+S6mhAm/uk2hsK7Xw
DA:545,1,INF+MMZIadm3VaiF8D8EHw
DA:547,1,gXHDtgVs59pDiZum2XIGvg
DA:548,1,E3KVGaVuIxFYgFP/R+m3JQ
DA:550,1,Ih2vUrCU44dMvVAMziFjOA
DA:551,1,+xrltIi+nI9f08FXzXBpeg
DA:553,1,Rt2dn5tZU9PfT7rTjjRrZw
DA:554,1,ukSozNmNuKvYFT71/9H14Q
DA:555,1,IUD2Sz/QQ6YDb6jzwe/i6g
DA:557,1,Rt2dn5tZU9PfT7rTjjRrZw
DA:558,1,gvPB94cyBnAraTQ00XpCcg
DA:559,1,9syiDkmrr4wdKhCAYXm4nA
DA:565,1,1tw010L8BcexAP2x+38yrw
DA:568,1,7SJwvNgY3Az2jQ/Tfsjilg
DA:569,1,564je0W7Kn3LnPvT58ryLQ
DA:570,1,U7LC+FfxDUkJGwhU7D4K+A
DA:572,1,YrkFPCyTShozN+gzX3udew
DA:573,1,vbp+VuyhpSrwN6YHxrUKTg
DA:574,1,U7LC+FfxDUkJGwhU7D4K+A
DA:576,1,8bZhDL+IPZZSJsD91JJzfg
DA:577,1,bQC7vYT+KBxLQ/EyyU+mcQ
DA:579,1,bNcXAiG7I4rIoczLECHmaA
DA:580,1,0VIVvfw06DbqwFj7zJQ/Gw
DA:581,1,p8iB0Sc0Pj+yGzmAGNb6Mg
DA:582,1,3FUa7qnX9Q/FiigeHBNCTg
DA:583,1,m4keHToJlUOpKepPVe6cCw
DA:584,1,iwG52j7z6cGdjkFpD56TBQ
DA:585,1,d+7KJY/wuQccv/g7sSMpGg
DA:587,1,6KKr9jcXrRzllvmWyV2VfQ
DA:588,1,BGkqVYxYsdpmB/igCi1JLw
DA:589,1,BANXszjMCJTqrqsjD3Lb2A
DA:591,1,UN3rT0+FK/WPEXbsj5jWFw
DA:592,1,reasoxjTDPHfO90hUCfgDA
DA:596,1,/ocim0C4vTodfcBDU4n9ew
DA:597,1,fLcuRywAnHA2Vx+h35IALw
DA:598,1,ks+/CKqstlJRl9vVAVuUdQ
DA:599,1,9QGFcPI11IfAoYrqmb6Q9A
DA:600,1,cP35vnleInhOqJhB4dTAug
DA:602,1,tPIvhX6Q3jqciAw0YiP8gQ
DA:603,1,RPyRc8U5U8trBv35ABts4w
DA:604,1,kFyhmxu+KgGLWuvH8mEMbw
DA:606,1,hm2ODEMtELht2k/uGRZ7SQ
DA:607,1,wVDbsYO487f+cYyLbV622A
DA:608,1,4MzzgmEJFAtUGV4HlRoGug
DA:610,1,leWPu3a92U46XgI3/MVg5A
DA:611,1,T1cEDx+uIl/XUA5axte7ew
DA:613,1,j+CcxAIEiLeqjzkbiEHnZA
DA:614,1,GHbUb1fTzCJG0RbubVVXJg
DA:616,1,X115G4CwmLkek13LoY9EUg
DA:617,1,2jLzOF5RlVm2DRYjrXJ5JQ
DA:619,1,ovL+DZA8iIU6vgaCvI/v5w
DA:620,1,YflO7G8tIrhnN0h8LAJD9w
DA:623,1,qo8WpCJYSmQL70JeT6gY9Q
DA:624,1,FePtuq4vNhN/EGur8oToDQ
DA:625,1,D67vPFWiLYTarMQvIhHZ8Q
DA:626,1,L8HmtOBmRu0tB/1XbwmjRw
DA:627,1,iKGw2pI1Q448iyqrLH2Zrg
DA:629,1,Xr+jlTBy0Aryp/qO2M4R8Q
DA:630,1,7dH/3eOhvWZg7fIPrMIOYA
DA:631,1,JHygVe3lyohEzPVlW1CY/A
DA:632,1,ZddMeJ5Gl0xEnE/8R2aoig
DA:633,1,3deogJ8ZSXUdPkQk0X6MGA
DA:635,1,leWPu3a92U46XgI3/MVg5A
DA:638,1,8bZhDL+IPZZSJsD91JJzfg
DA:644,1,7SJwvNgY3Az2jQ/Tfsjilg
DA:647,1,YrkFPCyTShozN+gzX3udew
DA:661,1,bNcXAiG7I4rIoczLECHmaA
DA:675,1,KxgaGtJPkScc4OG7mJ59vg
DA:676,1,rbKQshtIC/jx7jH5MIsOng
DA:681,1,KxgaGtJPkScc4OG7mJ59vg
DA:682,1,H50BpWPFwVsCV7UqDMDuYA
DA:689,1,jxOGWwwl4+yhFdoa7w87fA
DA:690,1,Va05QaXdg6UjPEuH2XHF6Q
DA:691,1,KoXcAgS5hKNauoMsaYztFg
DA:692,1,ZdS5z+952hL2dKepxBHOKA
DA:694,1,KxgaGtJPkScc4OG7mJ59vg
DA:695,1,hwjm2GMYB3VhaXuM7dsEiw
DA:696,1,NNg5UltL5w77H16NfFKccQ
DA:697,1,kB3TzV3ErsMVGEDFL6t7Gg
DA:698,1,JfFAcA7Lt2t+/RQySuJsew
DA:700,1,ZvSiTow20BJL9lAkc/di6A
DA:701,1,lmJ+3usQtMQKGMDHUH53qg
DA:708,1,lv4LqP7XJomlfR6Ze/M9iQ
DA:709,1,B8jxhcOyFLOC/bFjrmxUTw
DA:710,1,QcGJlVFUdI3aiSRORdViZQ
DA:712,1,/+YIB35+7L9VLOZyPgqnWQ
DA:713,1,Ho4gHt8as131yWM4/W4pfA
DA:714,1,ZdS5z+952hL2dKepxBHOKA
DA:716,1,mnoV0T4hEkr2W8HjAfJidA
DA:717,1,zx3HDzYO+saaxj3mwlahpg
DA:719,1,5wKkHyjsAmBrCJTlUmtpWA
DA:720,1,uT0HgvPX4neqRPPIjqC0jA
DA:723,1,CzmzO992Kdqn308qqLt2AQ
DA:724,1,84XzB/BfghC+OER2cMxpOg
DA:725,1,fN6g7j3J9dKVECbF61Ogww
DA:726,1,QMllhlXUCQh97Z1iBdvCRg
DA:727,1,LA1FN9OMocw+PSwp0euGJw
DA:730,1,EaNgGxbS3Q6puAg8TtJgWA
DA:731,1,Op1ItwU12Lpbe6zMVZNY8Q
DA:732,1,o5IXZFA6CKu2Swac213aAA
DA:733,1,3TMZTq7rl4TYTZZqMNQ5sQ
DA:735,1,V8EhHdxiWsP3hZ1fCs9uvA
DA:736,1,nD/gKrB9NdFCwbtZRAiSmA
DA:737,1,EeI9X4d/GK7p/xBGYK1pNw
DA:739,1,irsMnz6FBt+t6Uma1l3snQ
DA:740,1,SdAWUs0QtwzJIv8oiR397g
DA:741,1,mJxWoHClxgJbXN2lLnZv6A
DA:743,1,bPNJG131svot7SjTe0YKRA
DA:744,1,9j6ebkW78132WKz0o4ZCRA
DA:745,1,+FqSI1aY8fxzGXAwtA3fig
DA:747,1,AYDPB8211rcpKU+vQr077Q
DA:748,1,rzY6vw1Hndo0mspQ1yx8sw
DA:749,1,jvswOBkzNze0YYsZS+Gb7g
DA:750,1,ARJ1CNkO0Y9oROYL6UPovQ
DA:752,1,DKDdnP7ZhIg2eiVnnLs96A
DA:753,1,PLU+SjMpFLA2JtNTjM85jw
DA:754,1,jvswOBkzNze0YYsZS+Gb7g
DA:755,1,ARJ1CNkO0Y9oROYL6UPovQ
DA:757,1,V0jtmlWV2X2HP1s5jgEjaQ
DA:758,1,yfvhc6x/Tf2Pz+CiCuEVlw
DA:759,1,kt5lJVN0UqAmwJTG7XWrvQ
DA:761,1,xrqbyGpUba0rp4fTUbFn5Q
DA:762,1,yr4pMWMsgPmggF4PYRQmLQ
DA:763,1,kt5lJVN0UqAmwJTG7XWrvQ
DA:765,1,1RRMZ9+AswEQPbiRD0Ac9g
DA:766,1,PSALTEUHnuFtwRedP5uqrA
DA:768,1,jo8QgV3dFWiSVLXsi/Gd/Q
DA:769,1,i5zf+NmBCk/g6N6iy2ZV0w
DA:771,1,V7UG0coTyRB3r1x1LF2LRw
DA:772,1,un2zxCGCZ1GZgtRuJfZqRQ
DA:774,1,K42bg2voeCkjR09D0NCNvw
DA:775,1,KyYlJXOrZrQMTMqxjosiDw
DA:777,1,+teRKYUA005zsrn4tZjFzQ
DA:778,1,5aDcJgg1uZTaj8s64lcVTQ
DA:780,1,UnC8/Lx+q6nSV8qAJdHwsQ
DA:781,1,O2fOfrp8gfDBstiRV6bLmg
DA:783,1,gWI1Iow0zUMBsMa3co8f/A
DA:784,1,FZPY6s7KY4n+saJ0CVSl7w
DA:786,1,kzRmcIhVAcIEz1eO6cKiEQ
DA:787,1,OasCF2lnP8/tYPptt0KH5A
DA:789,1,PxMmD3AYUlhtxlPAMWgADA
DA:790,1,ePkqYxn9Dv3hG4jTEEhptQ
DA:792,1,Xsf05kLc+2IDiaq1baUPHg
DA:793,1,c05YHx9tvs8FiEaKi4vuVw
DA:795,1,IF8Yee1KNaNbmfL+gHVVDw
DA:796,1,nSxWaUhc7F5dViKnnK6DsQ
DA:798,1,wR87SWAD669HlRTeUPmxgA
DA:799,1,FGlwr0YyiMf17yndZO8aUg
DA:801,1,VWThZ7Pln5eQx0Bl2HX7Og
DA:802,1,3H/ZpSw33qNzlPrRxqG+0A
DA:803,1,bEmSsVs/6Ea9lDoSLkZjBg
DA:805,1,n44SNZo/gbS2Mm1SiJZYww
DA:806,1,uMP8cPNeq1Q5X/wbnlyycQ
DA:807,1,MHUQTg8D8k1OnFYZ2ymxXw
DA:809,1,hW1l+PMFPm2mLLQ3orCu+A
DA:810,1,d8BkDgDVaOzOPuUmQ0l2JA
DA:811,1,ILRoeS4V13xhRHwftDo1FA
DA:812,1,6kWaN/E8yLK+MngXGjwjhw
DA:813,1,O+YCGMLwBAPrtBT83tGJaQ
DA:815,1,DENzdHw4VDtwCFmokbYCZg
DA:816,1,4QnIVN48aJQKtqHqU2WI1A
DA:817,1,ILRoeS4V13xhRHwftDo1FA
DA:818,1,A/4rqBslvC97WRUJGXa3fg
DA:819,1,O+YCGMLwBAPrtBT83tGJaQ
DA:821,1,xknIDnsYEyPr1dXF6Eem7w
DA:822,1,3Y90uDBKryJErIBPMcXyGA
DA:823,1,ILRoeS4V13xhRHwftDo1FA
DA:824,1,A/4rqBslvC97WRUJGXa3fg
DA:825,1,O+YCGMLwBAPrtBT83tGJaQ
DA:827,1,qEVN7SMaO2LspzY2T/Zr2A
DA:828,1,8RpVYHaz03UnOLxPK9lKQg
DA:829,1,ILRoeS4V13xhRHwftDo1FA
DA:830,1,6kWaN/E8yLK+MngXGjwjhw
DA:831,1,DICgEB18pv040efMMGGJ7Q
DA:833,1,d8gZXgsuGax8IIOc1P3vEQ
DA:834,1,Ubhwfqjt4bW0BTtXQgQpqw
DA:835,1,PYj/bWoZdJvU2KRcoS2evA
DA:836,1,kbeQsTAuSXyIKB03c1dsjQ
DA:837,1,VrfRdssAB0/Kf2oSvMRtOQ
DA:839,1,XIwMaG3RZUCGa3QjhD2FAg
DA:840,1,VSYD4gCulZ8gJUDvaIz2pw
DA:841,1,w8K4rzEQ6fpxfP0zvSTRcQ
DA:843,1,+r4f+31WEKVbfovwLYf5Ew
DA:844,1,VSYD4gCulZ8gJUDvaIz2pw
DA:845,1,dVC4JeAhf/0cNXTBE9gf5g
DA:847,1,o2MWuzWUhXM4Cs3/whlYPw
DA:848,1,VSYD4gCulZ8gJUDvaIz2pw
DA:849,1,2UPt/WtGThgHDhxYe6D59g
DA:851,1,ynWoQTCRkYyOiiscT5S7Yw
DA:852,1,XZmztFFPWOUAViJmDBEx7Q
DA:853,1,ETz0nf3EfdLo9INmt4/flw
DA:854,1,JSaPBpoyp3Hl1U+5rbKW1Q
DA:856,1,sbnEznjOejBjwRiMyjcoWQ
DA:857,1,JHsE0OPujc31LaPtF0xLLw
DA:858,1,ETz0nf3EfdLo9INmt4/flw
DA:859,1,NGhOaJKYhwjnifqObmk+Iw
DA:860,1,S08G2vbLXoA+fr6ZsofiNA
DA:865,1,1gjEdwWGzIV1cHQx4KHfNA
DA:866,1,wQQb7lc9oAc5W9ALRlOnvg
DA:867,1,iC1SyhV2Y1/k3YxJfVPlzA
DA:868,1,VgCMBUuy4A10eYK8TN3D3w
DA:869,1,FjWRx50LmIOFs/qI70qm+Q
DA:870,1,3ZYvCFVqO0ESALn1Z5+5+g
DA:871,1,5kwTLAt4/JOWf+BdON2Xhg
DA:873,1,zqnEdKeIw/sEcjNhD/kQrw
DA:874,1,Ue0aWlsJgeiKxqr4cUiM1g
DA:875,1,hUSNltE0CJkPaeRnpg7XDw
DA:876,1,AyJrmw4pXmXCCKWvXVPS3A
DA:879,1,K3P86ZFdS13o//djanC4tQ
DA:880,1,Op1ItwU12Lpbe6zMVZNY8Q
DA:881,1,mAdwOnxIeJ9WJhqr9O03Wg
DA:882,1,jFg/i0buZqWA4Z3lM5oJHw
DA:883,1,rW+QXtKadk8QEUTB9+2f1w
DA:885,1,quXpQ2UOCmFDjvmBIr3E2Q
DA:886,1,V8EhHdxiWsP3hZ1fCs9uvA
DA:887,1,BH0C+tIdtAsmNGNdWKIr+A
DA:889,1,quXpQ2UOCmFDjvmBIr3E2Q
DA:890,1,irsMnz6FBt+t6Uma1l3snQ
DA:891,1,eiOej9kzMZQz1FmEM6g9oQ
DA:893,1,bPNJG131svot7SjTe0YKRA
DA:894,1,BVKYf1k4CvUE/W8tI0gG5Q
DA:896,1,AYDPB8211rcpKU+vQr077Q
DA:897,1,z4sLqOntTZgssQyJXOKMhA
DA:899,1,DKDdnP7ZhIg2eiVnnLs96A
DA:900,1,hC6bnajNHN8YdgGQgbZj0A
DA:902,1,V0jtmlWV2X2HP1s5jgEjaQ
DA:903,1,ILZ8wtuwVTtUBHU0lNzHMA
DA:905,1,xrqbyGpUba0rp4fTUbFn5Q
DA:906,1,y20yv/SwKxD2ZSb9S2tzAw
DA:908,1,bzbk+q5kNWKgx0QJ1TYDYg
DA:909,1,VteZm8L5eJSny/3sDHUaMw
DA:911,1,uGUS/Pc5uwk7TusfRvl8Lw
DA:912,1,0HjC2pZ2lacE0cdD0G+mTw
DA:914,1,/0ymL5yZTdAaT0Q5Tt0d2w
DA:915,1,mlZAAb+kv48szPCAsFTliQ
DA:916,1,VDnby4N4pcKORY9vCjdw4w
DA:917,1,0hNWrzO/ycl//ALOJdhviw
DA:919,1,yJsNrhCMIkFO5wprYGFszw
DA:920,1,ceYVbe9m8G0DQ7nJFgEfSQ
DA:921,1,jKKnQIFF4QE4vWDyoDpJrA
DA:922,1,iccCMUVyiJSK96qdMI2rNQ
DA:924,1,DiZNw9oESA2+vfhhTWCY+g
DA:925,1,YjP2UfNXMs5HcCLFfOMNYw
DA:926,1,RXTivwzuuFIvhPOQO3nYag
DA:927,1,Mpy5EkyLBZhR1z4NIuYUWw
DA:928,1,E59YHdGZARTJVRalBX4Pxg
DA:929,1,jtj+KXPK91r2J+angTI8CQ
DA:931,1,eJurk6YG5YnO/RRXB7E+hw
DA:932,1,OVZonIqOyMvqqRX9vBLP+Q
DA:933,1,ze4BsUVRULxqlYbH3zOFzQ
DA:934,1,1lW4rMUk2wzGRynY1URqvQ
DA:936,1,pM7EPt+L/JkZGVQSI8JsqA
DA:937,1,OVZonIqOyMvqqRX9vBLP+Q
DA:938,1,znY2/WjYJ5e2l9A50K67SA
DA:939,1,1lW4rMUk2wzGRynY1URqvQ
DA:941,1,4K5SU4+66r7vHMOpelC72g
DA:942,1,OVZonIqOyMvqqRX9vBLP+Q
DA:943,1,da92U77Nr/9LxF1VhmaAnw
DA:944,1,FPT8VeNV++mWHq3eY/8heg
DA:946,1,GGVTqDHk7wOqq8wMVxoH8A
DA:947,1,kWLlPW111zrjJibkNIGlYw
DA:948,1,TdA25XNARXTO0QDFuOm7QA
DA:949,1,FPT8VeNV++mWHq3eY/8heg
DA:951,1,TzLvgwbgLcbFrfSzG5J+DA
DA:952,1,uGU4DkMb6mi9+OskJ76GPQ
DA:953,1,j7r5/6yN71FQNy5xCJBEgQ
DA:954,1,ARRpLNBNGnEMCwQ0ZohyGQ
DA:955,1,l8DxR7qdrfJDdJLHTLgVpw
DA:957,1,BSURn8bNGqIXVEuAW2NsEw
DA:958,1,eTLjTmM4bj65Ai77SWhgqg
DA:960,1,Iz/cvk1xRqeZSzscOLokxQ
DA:961,1,CFnc8m4Z01iqWIdYYvHcDw
DA:963,1,EogKP36TnnDG5rW+S0YMig
DA:964,1,kKJ6Iu5L+35iyKhss96aeA
DA:966,1,DGul1weQw/AI8pATmhnatQ
DA:967,1,mAdwOnxIeJ9WJhqr9O03Wg
DA:969,1,AU2a5veJQfutpwmc2EAJvg
DA:970,1,EwZkF0ZDNT6noukIGbP6kg
DA:972,1,GHVhrdXkN92vIwSqTQza3Q
DA:973,1,jFg/i0buZqWA4Z3lM5oJHw
DA:975,1,iYjPmot6igD76uYO2w9gug
DA:976,1,w5LseuPnkLovygCESZ/mBQ
DA:978,1,CrjlToop3nT9s+sN2kDrXw
DA:979,1,rW+QXtKadk8QEUTB9+2f1w
DA:981,1,NvBWTGqK9NEHtsD5nnnFVQ
DA:982,1,XorUERiIo7NTcVYTbXP+Rg
DA:984,1,DYraq0srBrFAjintkyh+nA
DA:985,1,tS6CpWD6mxXa5YI3rpCfIQ
DA:987,1,c7Kf5cojEpbSac+RfNAngw
DA:988,1,nb87qumWUq8vA14OsazN6A
DA:990,1,mSnP1j6Dt9yh5qdcaQYVPg
DA:991,1,RfOBu6E/mc47QCc2KSyn/A
DA:993,1,Q3BWvzhMDC8dPQNInlMSQg
DA:994,1,43KuiReQsb1KNqrGx8A4WA
DA:996,1,JWw/iqu56XEuSNbgio0zxA
DA:997,1,ntVqi+WtKgs7TLO/oVqH7A
DA:999,1,tkjCiqSjdIAzERnX3BK0mw
DA:1000,1,WtGnkQj0M/U9rTpRXV9IEg
DA:1002,1,2wvMqQtxbHA+yqV0epipIg
DA:1003,1,tyLJdeayNFG2aEG7Eo1Cag
DA:1005,1,fy8wDmnSVjuDdPmaIIczQA
DA:1006,1,hLic/KvA2BibjBRTu+o9ag
DA:1008,1,N/p4VnzJDBfXC6qwDd3OHA
DA:1009,1,rbwZ88m/j7Fqr4mvFSSqwA
DA:1011,1,9TXHAtSAUSEgGDKcFa3d7A
DA:1012,1,GbR+JW8j1W/gNFoQUFRJWA
DA:1014,1,3G94rxsuP8OHbI0HyKCQTA
DA:1015,1,XXNPdIzVDAHUud/vznnDpg
DA:1017,1,T45xoyO1H/kIGoA7GtiAPA
DA:1018,1,usn+bg4i8uMt1duHj4wtGA
DA:1020,1,pYbT58omnm1IMDMnh8stYQ
DA:1021,1,4qJROxAsLZ84OlfpW+Ys3A
DA:1023,1,I/IA313YD2NaL00gkejlEA
DA:1024,1,MvPQZ2ffkMpCKbt4fN4TWQ
DA:1026,1,B2UD6EexoTCTRmNZaziPGg
DA:1027,1,pYmIudwZhW+/yMBEBkFKcA
DA:1029,1,Yz1RwwecDd++3m7aGdjMCg
DA:1030,1,pdpGuUuDvti96MeetcvzgQ
DA:1031,1,5fJ48tac9UmuE8+/9lEEGg
DA:1033,1,9ElTr2dASm3V/qiTJ6S/Mg
DA:1034,1,vXlcy3LOYKDjwae8HHYS5A
DA:1036,1,ar8dQKwlwHq9V+l5fslW2g
DA:1037,1,hwI2Cf0K53oA+AiEoleYSw
DA:1039,1,gpY16m5bkoIOl245KSTdHA
DA:1040,1,2YxHqjoC8x2QJSjn0ZXkXQ
DA:1042,1,Gn9ANnwupAbtKkm1RLquEA
DA:1043,1,hPC8zqHy6vWXdlOlIdGg4g
DA:1045,1,oG8wyhYs37cEp2ixBNi+rg
DA:1046,1,oqxq5dAvk4RZh9LvvN/IzA
DA:1048,1,aWqtaoyG9vx7E4Tk06ZEoA
DA:1049,1,qSJpFxfe3K/mMN0pZZ9sZg
DA:1051,1,SW8Q/Iu9cK4SuLjDJ73lgA
DA:1052,1,DHeQLBsvGDZbiAfkmQqv4w
DA:1054,1,jo8QgV3dFWiSVLXsi/Gd/Q
DA:1055,1,W+Jfk8Seb5i4YqGrUNvoUA
DA:1057,1,V7UG0coTyRB3r1x1LF2LRw
DA:1058,1,tXHwnZd8WssGq3r+hK7ubQ
DA:1060,1,K42bg2voeCkjR09D0NCNvw
DA:1061,1,jK9XS9Lm7wJByZyovHPZ3A
DA:1063,1,9+3OiP/4VhzTaZTzrV/gkw
DA:1064,1,CDMHHHan2kRbJrb1KSz4dA
DA:1066,1,y9Eni5rW14EuC/fwEP0N0g
DA:1067,1,Me0atAUw2HsW/O/dm5GAPw
DA:1069,1,Vw42dxxSTo3pvBZ4rPFtxg
DA:1070,1,8XabqC5EcRWKtKz9SFj83w
DA:1072,1,ITePoOpyJ4xxAMVUA7nbpQ
DA:1073,1,Ts6kpNUdIV5m9EdVm690Pg
DA:1075,1,C1hZgra5tBP6yT45y0DNRw
DA:1076,1,x4k5OkU4/LH0OLAwrD8dXA
DA:1078,1,AUqdSD2ZdXkFxseZeKp0dQ
DA:1079,1,2UOX/1dX/dTs00O1/RTCuQ
DA:1081,1,mWFVOl2L6fDUoXqnpf3ZYw
DA:1082,1,rlUBiuD6qhAhMuMW4li+dQ
DA:1084,1,wP1Ii4e3KOC1PrdCPq7J/Q
DA:1085,1,9xLNOEpqIn81l3DeMuV7zA
DA:1087,1,wXO1tx6JZrK9A+iORRUf7w
DA:1088,1,FiicyCtkyNokmmIFzBHvJA
DA:1090,1,rJRDGeFc+ZuySKQGN6LH4g
DA:1091,1,cYeOEQD5qsa/88Dni9pKzw
DA:1093,1,L6Gy7Zmxj5uMpqw8+17q1A
DA:1094,1,3/mqo2umi9nvjICaFzMNxA
DA:1096,1,6EVxfMDaLHeQzpWxrzmYdQ
DA:1097,1,msFLlq1uYsOGmrAjMRSucQ
DA:1099,1,rFlhPLpBSR/lJBNTVovI2A
DA:1100,1,ICrRfsc5U/3EGynJMMWmEQ
DA:1102,1,a4ZPM9CTQNDoR9Dz0SiWXw
DA:1103,1,bMe/9MnoEF+jrcx4KiVscA
DA:1105,1,RuV8t5ovtuQBYLq5bByS+Q
DA:1106,1,4Ni5+PzvEA40fQR+BJ5mTg
DA:1108,1,SgV4gYLtNE1P+HwHmUQC+A
DA:1109,1,A9NwoSAwRxbtlvTDHckylw
DA:1111,1,e8WT8HOwqO5hFfWshhkGdg
DA:1112,1,iDbGc72CRTTksC2qTlBTrw
DA:1114,1,27z4SM+Z4KOwDdLoUrpKAw
DA:1115,1,M4LN4Z+5PSCP4uU9k3NfEg
DA:1117,1,zj90YT6OWvLoBDY1sBT+sw
DA:1119,1,Xf8+vVIfxpA9EYnhqz4iUQ
DA:1121,1,oLJ8MFu4YWndY62TsS8DPw
DA:1122,1,M4LN4Z+5PSCP4uU9k3NfEg
DA:1123,1,xKgvxzMikHUf3sT/j1zNwg
DA:1124,1,XkFzlWEb/129T6XwB8Pssg
DA:1126,1,Rhz/pfodGCVQ7OSuPdqQfw
DA:1127,1,Ih7v5TQXquk/EkvemrpGAg
DA:1129,1,6KmRESTrlsh4tTJlgkj3Gg
DA:1130,1,1RRMZ9+AswEQPbiRD0Ac9g
DA:1131,1,zTTHf48lmIbVtYgZCfunTg
DA:1133,1,CTAa9u6pSKwdluiO0fQWig
DA:1134,1,1a9QcfepOptNUbZ1vA/F+A
DA:1136,1,YabbLomd3CF4Brc1vEbOEw
DA:1137,1,W+Jfk8Seb5i4YqGrUNvoUA
DA:1138,1,g78+TATzDaUlQcSnQnFfZg
DA:1140,1,aiWx2VCvqw/UwmwBoZF+dg
DA:1141,1,/Tepz4Utfz6YcgxEOI8YdA
DA:1142,1,jrHGTJ4rxVTjK9s9snIKBg
DA:1143,1,xADR6iyDrn7by95dD/9mww
DA:1145,1,AnQlaquJDF/k9O+NFA8MQw
DA:1146,1,J63jeyKO0PQafPRZXS30dA
DA:1147,1,YlRzYLpkC6Hh7oal9tG4SQ
DA:1148,1,NGbsbkYFkuXytV99VU2EEw
DA:1149,1,LKKdtN89Iw42F73WBtqmiw
DA:1154,1,qG4UHi/7lxx67wzPmWVsug
DA:1155,1,mNb0LTp4M64sXGSqZgvf+g
DA:1156,1,FVLkaPeBG7EEPw4Y8ZLOYA
DA:1157,1,1q4+ltGS2AL2Tq4AuiXbAw
DA:1158,1,dT5j37g9+wtNSK/qbEb4HA
DA:1159,1,Vt4MBT1isa9ha5TLBjYyzQ
DA:1160,1,AugTycFQ+Rpl099+sWr+DA
DA:1161,1,ypsgBIXtrvbWlqNCuDAfZw
DA:1162,1,Ke5viChJ5Clpeak+3JOnUQ
DA:1163,1,oS0rGEqOJ6fCbqvV+S4xgg
DA:1164,1,rKljDhD5idMPLpcVky4y/g
DA:1165,1,iIejFBJ4tjy8pKqXSS3Z1A
DA:1166,1,7IJ7Kg5iB/3RUOyp4PoazA
DA:1169,1,sF2fSbc8hao5fN22HMwRYA
DA:1170,1,Op1ItwU12Lpbe6zMVZNY8Q
DA:1171,1,iPv8zIzUwSwOkFFq6jcOgA
DA:1172,1,kDYiCBrVU37vZ2Cb9+3pow
DA:1173,1,xM1j1zt5pB+bn5dN4k10nw
DA:1174,1,uCQP9n5zS86z99t4T022/g
DA:1175,1,fvf/JeBDZ8R8nvJxEYZowQ
DA:1176,1,b+2CFoyRsiCCEU+P4ShHVQ
DA:1177,1,TT+0ozsStWvA9q4dkMIdgA
DA:1179,1,V8EhHdxiWsP3hZ1fCs9uvA
DA:1180,1,X6f4UN4lQKoSWOvxJQJjzA
DA:1181,1,VZPCFLuldD0vYN9veZgEHQ
DA:1182,1,xM1j1zt5pB+bn5dN4k10nw
DA:1183,1,uCQP9n5zS86z99t4T022/g
DA:1184,1,fvf/JeBDZ8R8nvJxEYZowQ
DA:1185,1,b+2CFoyRsiCCEU+P4ShHVQ
DA:1186,1,TT+0ozsStWvA9q4dkMIdgA
DA:1188,1,irsMnz6FBt+t6Uma1l3snQ
DA:1189,1,qTjsAtP4LhvTx5yq2jRrmA
DA:1190,1,dUoVQHKU85wxiNc3AUfW/A
DA:1191,1,OGa4tMO8tn3eJp8uoCFTWw
DA:1192,1,su7Pj3wMWCg9F1SBrWBKeg
DA:1193,1,U6wQrskGv4glb2LamnJYZg
DA:1194,1,yajwDE1+p+5rAzv/kREvPA
DA:1196,1,bPNJG131svot7SjTe0YKRA
DA:1197,1,AMxf9GdSwdskO93LHxx9Ew
DA:1198,1,8Fo0amR4t+tYejfo4mYPpQ
DA:1200,1,quXpQ2UOCmFDjvmBIr3E2Q
DA:1201,1,AYDPB8211rcpKU+vQr077Q
DA:1202,1,K6/ZVzPxgRXdx4RWn65dWQ
DA:1204,1,DKDdnP7ZhIg2eiVnnLs96A
DA:1205,1,zA8EGljIMdFp+xo/mrM4LA
DA:1206,1,+gqTVxAcJlkJpyOJkBcbvA
DA:1207,1,HxHamiRlHn2zb4UTrD384Q
DA:1208,1,foFvYD0gRBEA+ENNgL3pkA
DA:1209,1,Ek7ORX5AdWH3SOKQsOaDNg
DA:1211,1,V0jtmlWV2X2HP1s5jgEjaQ
DA:1212,1,sismPeS0Sn8YeF0lNqjokA
DA:1213,1,82lg3PVpMGG4oW1ciVtakA
DA:1214,1,m9HHsclXXrPCgDWJB0KgPw
DA:1215,1,orKadhifSwjQ6/NbLqdmTw
DA:1217,1,quXpQ2UOCmFDjvmBIr3E2Q
DA:1218,1,xrqbyGpUba0rp4fTUbFn5Q
DA:1219,1,507x7KaAmL3bUipHVt7uQw
DA:1221,1,EogKP36TnnDG5rW+S0YMig
DA:1222,1,XJzvRMu9eanhnFmX90cdLw
DA:1224,1,4Dm03BrD9Fq99hEKmW+yHQ
DA:1225,1,I1e4SFxwFOQE0tqEO3yIhw
DA:1227,1,Tfmsm6eTmLhlsuVUNBDtWw
DA:1228,1,TJjN5h4tCUROFagdDt0rxQ
DA:1230,1,szGiCMVEBEdKfzQaitgEjQ
DA:1231,1,ZRpiMUx57ERvOsz2pmeQ+A
DA:1233,1,F2zBFxwGs0yEBAYApShYKg
DA:1234,1,HtOUgqJU+wZZ5sIFpHksKA
DA:1236,1,UQOpIXqpJ8TMWi+N+/+hDg
DA:1237,1,y2wAxILx6RQiXC3m3IrKBg
DA:1239,1,mM6SD8yAEuVOS/ZUJgqg1Q
DA:1240,1,E8YrT+K5V3k8kwM0HPryUA
DA:1242,1,YMg0FKvcWJfFAArygiYolg
DA:1243,1,zxQsMYDWEhTVnBx5LVbcRQ
DA:1245,1,80ms+RTYXqw99ttlj6P7xg
DA:1246,1,B1fYBMuvDfEo9C2wAIAGTg
DA:1248,1,OmZEsYe12hIEZgg5NecogA
DA:1249,1,i04l9FCjz8lrtE1xAoQT6Q
DA:1251,1,3n4ew749lTMXYh4SBJOdSw
DA:1252,1,79oe39rLoqEljrBF8SWGKA
DA:1254,1,u5Fe53JpPxrJDwv+grFJ8g
DA:1255,1,6cTWfRQrXV9g3Ou01e0jNQ
DA:1257,1,4+7yGH03DLaqjzVvSEoLNQ
DA:1258,1,VYXFvNXWyfPyxNaeSb8tJg
DA:1260,1,geWvn32wa1mDhmzEaepOjg
DA:1261,1,KAz8I7KGnmr/i2oONBU/WA
DA:1263,1,RzDjIYqRb2slJj/p8NFzxA
DA:1264,1,H75GcYf0JcDqnYFspHLkBQ
DA:1266,1,JWw/iqu56XEuSNbgio0zxA
DA:1267,1,aWIkYpu/LZi3HPjMjNubOQ
DA:1269,1,tkjCiqSjdIAzERnX3BK0mw
DA:1270,1,SQ4yL8kF37mnApYdtqXgqg
DA:1272,1,2wvMqQtxbHA+yqV0epipIg
DA:1273,1,gyXNRfhlq8Y1oOU70D4u2A
DA:1275,1,fy8wDmnSVjuDdPmaIIczQA
DA:1276,1,NgnCndW1d3pKdDII/idqsw
DA:1278,1,EQiEmqeh7Tm5CKkr6/wizA
DA:1279,1,CABvOrUV9/mmWdtzRKb+gw
DA:1281,1,DnwNYNOD8CilV8AJkJQ35w
DA:1282,1,aJsQfjrkYH7MzF1/uD1yPw
DA:1284,1,Rhz/pfodGCVQ7OSuPdqQfw
DA:1285,1,NAr4nseuhK5LxPY5wvrnSA
DA:1287,1,9GnNUpPga9U1anbd3j4uVQ
DA:1288,1,xYNmkQ8UpBGNKo1mj13uyA
DA:1290,1,fAla9LrStLF+0I89njVAWw
DA:1291,1,6YxQMOxO9XTzK6DbYrpB9g
DA:1293,1,6KmRESTrlsh4tTJlgkj3Gg
DA:1294,1,1RRMZ9+AswEQPbiRD0Ac9g
DA:1295,1,HBVVFsKB2SZzcqrCnzzcdw
DA:1297,1,6KmRESTrlsh4tTJlgkj3Gg
DA:1298,1,CTAa9u6pSKwdluiO0fQWig
DA:1299,1,lfiwYztbXSyzAvkPK8Dxow
DA:1301,1,6KmRESTrlsh4tTJlgkj3Gg
DA:1302,1,Ud23Pk1vhdBGgWW6cTDirQ
DA:1303,1,NANZ2N5r5JgTvDyjFw9wfA
DA:1305,1,ieQrUGK2tECU73Yi5m6rQw
DA:1306,1,MEGO2j554bt++DkyqpCzTg
DA:1308,1,3vh4gXSc/fnkbnfNaa7pUA
DA:1309,1,gILulPQBOBFQa24onHTNJg
DA:1311,1,pSa1KKRf5uLCybgpJsy5Nw
DA:1312,1,uaeiXNxdVtRB/wNuvcfGJg
DA:1314,1,algjbOXiFliPythtURnxDQ
DA:1315,1,rbBBS6kg8W8aeG1BoqijEg
DA:1316,1,OMGVJzwk3ts+bhklEz8CCg
DA:1318,1,faONfKm3G9x8QkjT6KUj3A
DA:1319,1,vhhUdjcz9f4gupNPYheWfg
DA:1321,1,zOo4J/EeMDruEtS2cmxW1w
DA:1322,1,1mWyAr1tFfwlD+G6eXCBMA
DA:1324,1,akv4baNdpr+0h3HKBn7kGA
DA:1325,1,awS+9SMG0jgyCud3ThXZvg
DA:1327,1,jo8QgV3dFWiSVLXsi/Gd/Q
DA:1328,1,EAOpsVvCKPkTa0J7D6MVWg
DA:1330,1,V7UG0coTyRB3r1x1LF2LRw
DA:1331,1,aHOF3tNPOHn3MFSPdgARgQ
DA:1333,1,K42bg2voeCkjR09D0NCNvw
DA:1334,1,N05F+gtSszGkmq0u0vqlyw
DA:1336,1,9+3OiP/4VhzTaZTzrV/gkw
DA:1337,1,LhjIqm/tMkMJoSTB3t9oVw
DA:1339,1,y9Eni5rW14EuC/fwEP0N0g
DA:1340,1,kuHVj4Fy/gynowOxM+axmw
DA:1342,1,Vw42dxxSTo3pvBZ4rPFtxg
DA:1343,1,lfJY/rp4FXdLUlamc8IkMA
DA:1345,1,6EVxfMDaLHeQzpWxrzmYdQ
DA:1346,1,DB7F4TgIiiugwmT8bBk6gw
DA:1348,1,rFlhPLpBSR/lJBNTVovI2A
DA:1349,1,angdNNs4TgYSVJQ5ndiA7Q
DA:1351,1,a4ZPM9CTQNDoR9Dz0SiWXw
DA:1352,1,vQRcOQkA5HYmpCULKJB2OA
DA:1354,1,AUqdSD2ZdXkFxseZeKp0dQ
DA:1355,1,NsgoFYg18NTQgghz1cOM2Q
DA:1357,1,mWFVOl2L6fDUoXqnpf3ZYw
DA:1358,1,Q+B9ZAN2yV6fdSD0TsjwUQ
DA:1360,1,wP1Ii4e3KOC1PrdCPq7J/Q
DA:1361,1,IkTUzd5v+gfRcyB2gAE29g
DA:1363,1,wXO1tx6JZrK9A+iORRUf7w
DA:1364,1,+sYZt06DWQMa5AT+J+VX/w
DA:1366,1,rJRDGeFc+ZuySKQGN6LH4g
DA:1367,1,Bub4834w2cSpjVLO0z0Zfw
DA:1369,1,L6Gy7Zmxj5uMpqw8+17q1A
DA:1370,1,9hVzS4D9wV+Bvefh9SRmjw
DA:1372,1,RuV8t5ovtuQBYLq5bByS+Q
DA:1373,1,0Yrxnhnb/Q4LEf8KrXQntA
DA:1375,1,SgV4gYLtNE1P+HwHmUQC+A
DA:1376,1,hz+5xZp29YOddpe+6GhgPw
DA:1378,1,e8WT8HOwqO5hFfWshhkGdg
DA:1379,1,Mo7evuGHCTxR6Nm61xwlyA
DA:1381,1,YabbLomd3CF4Brc1vEbOEw
DA:1382,1,zVL0EedCpNAABEWi78mgWg
DA:1383,1,SWJXu6lgheY8/CZ5wJvdTQ
DA:1385,1,aiWx2VCvqw/UwmwBoZF+dg
DA:1386,1,RXNRG0ncffsIhRhXbG06Mg
DA:1387,1,zDS2ZnewAqmJrfe5/iPHJg
DA:1388,1,NGbsbkYFkuXytV99VU2EEw
DA:1389,1,YHeqcSOZLD8IywLHDYLTpw
DA:1391,1,AnQlaquJDF/k9O+NFA8MQw
DA:1392,1,N05F+gtSszGkmq0u0vqlyw
DA:1393,1,48yjPBOk/4RM1w4fg1UDHA
DA:1395,1,4MPXVvXyZBgP7Z+sekyD+g
DA:1396,1,AHgVdpJB5sEh7noJmnEDLA
DA:1397,1,M9/T1yAjNvYcmIyOXE7Khg
DA:1399,1,OUYmO/d9NSA6fDEG6heH4w
DA:1400,1,irPsAamZhbyN70ZcwBfLEQ
DA:1401,1,Tvgy1Wb00179r+sUGqXY1Q
DA:1402,1,IVBkpw6GY/ddGnFMCp5/6w
DA:1404,1,+teRKYUA005zsrn4tZjFzQ
DA:1405,1,1j2KquQjfZH9m4fMfc/SBA
DA:1407,1,UnC8/Lx+q6nSV8qAJdHwsQ
DA:1408,1,QG2AXqBiJvtjntsenfTUpw
DA:1410,1,gWI1Iow0zUMBsMa3co8f/A
DA:1411,1,byx0DZE9JT2iRSXDe15Skw
DA:1413,1,uwK5lUiHH8E2bIEEyWs3jA
DA:1414,1,j90Y/JLESZNcVgRMLGPTLg
DA:1416,1,Z1QumgNtK9ghPE2qcThS5A
DA:1417,1,Y0k3wOTrMkQdYCom+62Utg
DA:1419,1,rFZUvjHLoggbgY4EQEDChQ
DA:1420,1,R9WTSx17663EUKlD5T+Vpw
DA:1422,1,Xsf05kLc+2IDiaq1baUPHg
DA:1423,1,j3Qt7HUkktySbho/eQXHlA
DA:1425,1,IF8Yee1KNaNbmfL+gHVVDw
DA:1426,1,0V0qKftcd3X1sc2S2U/m2Q
DA:1428,1,QALIXVKzh1NbLZJyrT4gGg
DA:1429,1,aCoD8r/yS8hPAadgS4CktQ
DA:1431,1,bXmalgv2WsyLFapQHbyBGg
DA:1432,1,INF+MMZIadm3VaiF8D8EHw
DA:1433,1,E3KVGaVuIxFYgFP/R+m3JQ
DA:1435,1,CPahdselUkSAM7QJ7d8s7A
DA:1436,1,5+8yDtZzhePJnRzmoNgeLQ
DA:1438,1,JIGP83Rv5tP0FueDOKxYRA
DA:1439,1,iE0pXTA0vzrEwC+KCIQKrw
DA:1441,1,1UidNv9kIR2spGUb89oSJg
DA:1442,1,F4OVP8vMDwVV/xkfsTadEA
DA:1447,1,QgUdLOHQ0o21Y/4skYhSxg
DA:1448,1,oMt3050J1sOhZTOnHCHr2w
DA:1449,1,u2WQwQDUHoL3R0iAoPP3/A
DA:1450,1,KKFXc3RmvpozuO8g4CVvUg
DA:1451,1,vCNb+8W/D3BAUeRejjc92g
DA:1452,1,pBBN6/wXVtjGt9/ejLVfiQ
DA:1453,1,4Ceq2Ew1GJXQ2TSSVlER7g
DA:1454,1,S2v6eF8GHZPw0ojoGvdn1A
DA:1456,1,5EJ8uHCxU8LJc+9ISLrHvw
DA:1457,1,ngyLsD2YpBU4FjWH2PRTxA
DA:1458,1,Iwg1pMq9lAVDO2YAj8eBvw
DA:1460,1,NAaaxf+3OUhiaZYyXUmyKw
DA:1461,1,BJIYTTDqyxJjczdbapyzgA
DA:1462,1,if8q6/tvPrjlvGa6pcLhKA
DA:1464,1,ZWMiiP+ngtKLeBZq2E3aIQ
DA:1465,1,T3l4Klpbj3ZbO/6L4ptsAw
DA:1466,1,uwxjOXLmq7vYZWmH37kzMg
DA:1467,1,nGX0Xo7xW48OPOqpxuZiTA
DA:1471,1,sBu5qVTm7//pXbQd4MBsHw
DA:1472,1,/zn1lUebG8kPQ1F3/eUN8w
DA:1473,1,RnNrtsjfBG4zawpw/hpFYg
DA:1474,1,VZZ0wTwvWDJSatX8roWcrA
DA:1476,1,7T8G39XUGkUzsA8HDH1p3g
DA:1477,1,RnNrtsjfBG4zawpw/hpFYg
DA:1478,1,oQoSOTrVhIy7I3g8UYk9Gg
DA:1480,1,rhSsV4QW7vKTws0PHOtBgw
DA:1481,1,f8c17nrmOR/no/Jh7faYhg
DA:1482,1,ToPnSK7ObcMF/ldAyzpvTg
DA:1483,1,kbeQsTAuSXyIKB03c1dsjQ
DA:1485,1,3d9/Lu8e3voIKxRBlWe8Ew
DA:1486,1,RnNrtsjfBG4zawpw/hpFYg
DA:1487,1,s4mkuuTkpQRExu2YUwmbjQ
DA:1489,1,Ot09CuUO65eRSgOczH4neQ
DA:1490,1,FXsN3zTO54U0HnYj/TA/wQ
DA:1491,1,xHtPDzrrvNyyXR0e44ZOsg
DA:1493,1,HGX2TewtC4zUDgSSLiP7/w
DA:1494,1,9W3wV4JPvxTpAwIa6LXeOQ
DA:1495,1,xHtPDzrrvNyyXR0e44ZOsg
DA:1497,1,63bbLiQFzTwq0S3MLVx2iA
DA:1498,1,nzlAsHBLJ/+LDHwwWGSd2Q
DA:1499,1,6H6UUj98hoaS/d/Ch7MbZQ
DA:1501,1,0Bnn5KZog5iSCXp6NvmLkA
DA:1502,1,w0ngEt8jW3FM0BPekDQZ9g
DA:1504,1,B/t2vDEl+IoIlJ4Ne52zOQ
DA:1505,1,wjSvaIxcoBRmm7dz4IZnWA
DA:1507,1,CBrDTl9kBDZFfO64gQ1/tQ
DA:1508,1,LU66J43TUccWkapPjBUsdA
DA:1510,1,4OeMlwD/zKv/3LzPBadnjg
DA:1511,1,eXh2lcsaS1T5Jd87UvEDxg
DA:1513,1,g4CoQamWf3y5mJk8D6TrIg
DA:1514,1,RUxj1UTqsG9oQOSLF+ojPg
DA:1516,1,e8eMOnScMXDvnm4ZWA+3kg
DA:1517,1,p1DgcDuSkwBQVaeROvHKUA
DA:1521,1,9x2p0dKSqn8PIaZtyPjk8A
DA:1522,1,Nnqu9X+lU2lagW39QNhFWA
DA:1523,1,DFaiDINlaROK0e3H2syPjg
DA:1524,1,MY/wdfbLHPN+KBIGpSEIJQ
DA:1525,1,p3JvGXB8n4RS7xm4V7Fl7Q
DA:1527,1,Op1ItwU12Lpbe6zMVZNY8Q
DA:1528,1,l6B0zRa308ds/KWCimjwqg
DA:1529,1,eUQQ8PEhkXoX+Ob8ttpOLw
DA:1530,1,eFPBIZHon+qHti9iQGaL6Q
DA:1531,1,/6PEcUyZFtWWEeba04ptSw
DA:1532,1,hEc/UwhuD/KoebmyDGUf0w
DA:1533,1,BUe5ogaG1kUbdMb4v6mJBg
DA:1534,1,lQdIuldzpj778dD5T8iXbQ
DA:1535,1,zoAM7RJIb5DXFpwHnKsU5Q
DA:1536,1,OAIOctZMY2Uo9k98XVy/rg
DA:1537,1,5ommy2GtY3la5Ki4YkoBog
DA:1539,1,V8EhHdxiWsP3hZ1fCs9uvA
DA:1540,1,kf4Klxwx7LrB0XULNprykQ
DA:1541,1,84+sECsG2NWwPedzdX/3mQ
DA:1542,1,p7cfLsDpdNzZwamceqQ93g
DA:1543,1,8CPJaAAPCKYvfmBkKkco+Q
DA:1544,1,oI+PxGAOffq67LK3KI1zDA
DA:1545,1,OdEu3q7bUJUnGroGzG6Ahg
DA:1546,1,ugQlJ8hTQ1T6+gZ8retHDg
DA:1547,1,gF9onbkknsXGrzZfFGNUOg
DA:1548,1,ANMWBFb+7olJeEd8gIaGqg
DA:1550,1,irsMnz6FBt+t6Uma1l3snQ
DA:1551,1,bDb8NQ3JBYPncVSsKpKItw
DA:1553,1,bPNJG131svot7SjTe0YKRA
DA:1554,1,suediEoFOaGZiUbaC+BuKA
DA:1556,1,AYDPB8211rcpKU+vQr077Q
DA:1557,1,5BNkLVaw0b5xvYOIFw8Ftw
DA:1559,1,DKDdnP7ZhIg2eiVnnLs96A
DA:1560,1,GuA2l7sgIGIj+mPuVq9vcg
DA:1562,1,V0jtmlWV2X2HP1s5jgEjaQ
DA:1563,1,5UaA/9WmnGrMvLD9g7Lcpg
DA:1565,1,xrqbyGpUba0rp4fTUbFn5Q
DA:1566,1,BVKYf1k4CvUE/W8tI0gG5Q
DA:1568,1,bzbk+q5kNWKgx0QJ1TYDYg
DA:1569,1,z4sLqOntTZgssQyJXOKMhA
DA:1571,1,uGUS/Pc5uwk7TusfRvl8Lw
DA:1572,1,hC6bnajNHN8YdgGQgbZj0A
DA:1574,1,/0ymL5yZTdAaT0Q5Tt0d2w
DA:1575,1,ILZ8wtuwVTtUBHU0lNzHMA
DA:1577,1,yJsNrhCMIkFO5wprYGFszw
DA:1578,1,y20yv/SwKxD2ZSb9S2tzAw
DA:1580,1,DiZNw9oESA2+vfhhTWCY+g
DA:1581,1,VteZm8L5eJSny/3sDHUaMw
DA:1583,1,nCdxJZNzoV1n48FcLVWuLg
DA:1584,1,0HjC2pZ2lacE0cdD0G+mTw
DA:1586,1,+vv/1LDZa/vAfY5jgr5eew
DA:1587,1,9WVKgjieCCg+2lcQxkpuLQ
DA:1589,1,kNOIQeRnBOhOBRgfrRCFXw
DA:1590,1,V8g9M84GiUoDj7/MVnCq7w
DA:1592,1,+5sPXP/KXVtxNMPxNbTRXw
DA:1593,1,Q6J9oRLmXgH5XaIqnRNEMg
DA:1595,1,pc5f2UjiYnie6ecpdi3Puw
DA:1596,1,DIagVZQv6H8BWqoe6LFqPQ
DA:1598,1,mkvU/hQYMoFQ5zHgSQW/Bg
DA:1599,1,ioxdL6PVu4Rv5b884u7qeA
DA:1601,1,dKSEkerWOoDnJlXrDrZbjQ
DA:1602,1,McXZ/rM5DInzZsHf4weBKg
DA:1604,1,zbBHpaHoFAkvqJVlmz4D5g
DA:1605,1,8EyY48LDICF1W+hnZOmNPA
DA:1607,1,T7Vy/8RGBtWH9axjJDsUCw
DA:1608,1,G1Gh0LdZhXNEb/K0+FQqVQ
DA:1610,1,tf6zliGqAFA8HXXQ3NsnBw
DA:1611,1,LARaUU5puMIPULSt5imG/w
DA:1613,1,LxtnqtIHUiLqF4XBRyBjQg
DA:1614,1,V8WvcLCYGZ5C1wOyRCAk3A
DA:1616,1,BC06YmZkIii1nsuIFKFMtg
DA:1617,1,mW+qD3Ft8fO79DEL8UMrSw
DA:1619,1,eJurk6YG5YnO/RRXB7E+hw
DA:1620,1,kWLlPW111zrjJibkNIGlYw
DA:1621,1,/co2U7lQgk5Y5M/T+J5EAg
DA:1622,1,WDzdTD8Fncq11bqKz8+kDQ
DA:1623,1,ByPNRmqqNSE2cFv4BFncAw
DA:1624,1,6qkcWkgHc2Knr1qdT3Yy9w
DA:1628,1,pM7EPt+L/JkZGVQSI8JsqA
DA:1629,1,2Mu5DO6HITZX9GTXK6Y76g
DA:1630,1,1MMdX8jO4wLusKTrTXx1ng
DA:1632,1,4K5SU4+66r7vHMOpelC72g
DA:1633,1,khBobd87Cj87ipUhFIKYsQ
DA:1634,1,6w5/4UPGurfwCKIGHZ9jlA
DA:1636,1,GGVTqDHk7wOqq8wMVxoH8A
DA:1637,1,YTaaXQlf6MQHrChuaTW4yg
DA:1638,1,DRZwLf2z+HXm2tuLnNfNwA
DA:1640,1,9towOQ/KTf8tcATsdNpeUw
DA:1641,1,kWLlPW111zrjJibkNIGlYw
DA:1642,1,0uX4xFkkELsTukADdU0F5Q
DA:1643,1,j/uwVmoT2XzBWMsqxltWzA
DA:1644,1,FgqwPvsPU0TgNG+QsDTw3g
DA:1645,1,WDzdTD8Fncq11bqKz8+kDQ
DA:1646,1,RsihAnNfgg4Q1zn/ggjyJg
DA:1647,1,JyR+3e5UCt3iN9KgAibepA
DA:1648,1,x4jYkRXj4LxJlIU2t3iwlA
DA:1652,1,BwVwhh7jN8dW0y6MEkFd5w
DA:1653,1,kWLlPW111zrjJibkNIGlYw
DA:1654,1,10CcCawMW1gkHVGlGMKwsA
DA:1655,1,j/uwVmoT2XzBWMsqxltWzA
DA:1656,1,DfcQCrzmt9YlWzJw7Y3ooA
DA:1657,1,WDzdTD8Fncq11bqKz8+kDQ
DA:1658,1,RsihAnNfgg4Q1zn/ggjyJg
DA:1659,1,JyR+3e5UCt3iN9KgAibepA
DA:1660,1,7kx0o7BapjiHPzR2asNmCg
DA:1664,1,UR7lG7SmDlt5bLVbcs2cNg
DA:1665,1,d+z84Y8tbYu9YeRqJ2CBQg
DA:1666,1,RJKf6RvB8cOSWVSmgMxy6A
DA:1667,1,j/uwVmoT2XzBWMsqxltWzA
DA:1668,1,fvvVDJQsIMcodLmZRxhRwA
DA:1669,1,WDzdTD8Fncq11bqKz8+kDQ
DA:1670,1,RsihAnNfgg4Q1zn/ggjyJg
DA:1671,1,JyR+3e5UCt3iN9KgAibepA
DA:1675,1,i+xUI6S+c6fNVbqs5Oggdg
DA:1676,1,d+z84Y8tbYu9YeRqJ2CBQg
DA:1677,1,G7IAGNhWigO8wJzDRIPoKg
DA:1678,1,j/uwVmoT2XzBWMsqxltWzA
DA:1679,1,VAYRjZz3RNQ++kupfUpF/A
DA:1680,1,WDzdTD8Fncq11bqKz8+kDQ
DA:1681,1,RsihAnNfgg4Q1zn/ggjyJg
DA:1682,1,JyR+3e5UCt3iN9KgAibepA
DA:1686,1,wKl4sHC0wGISYxTW+EpzqA
DA:1687,1,ha8PR60O9tEGv+jWr4zcZA
DA:1688,1,O249PLYQFbuyfDr4z4Xlmw
DA:1689,1,2f+f+3kNbD2dejHK+h3vXw
DA:1690,1,xYbrigypPao2p2Uz8kAvzg
DA:1692,1,ITcSS0ANz7AZz+zIcY0UZQ
DA:1693,1,skz81lt5q23V2HLJAJhShQ
DA:1694,1,l2Pwp91wrleefcQUHz/l1A
DA:1695,1,zZ5FeP6Hk+aCj/vW6GjZQw
DA:1696,1,xYbrigypPao2p2Uz8kAvzg
DA:1698,1,BSURn8bNGqIXVEuAW2NsEw
DA:1699,1,UslitEgLvKr5qW9J0kkBEQ
DA:1701,1,Iz/cvk1xRqeZSzscOLokxQ
DA:1702,1,9rmvHoQC34WXKYSB921K8g
DA:1704,1,EogKP36TnnDG5rW+S0YMig
DA:1705,1,kKJ6Iu5L+35iyKhss96aeA
DA:1707,1,4Dm03BrD9Fq99hEKmW+yHQ
DA:1708,1,Kme7hW6m0vuxu3/ldHA0rQ
DA:1710,1,Tfmsm6eTmLhlsuVUNBDtWw
DA:1711,1,Bwbj/BYtiEnjhDoQNGVApQ
DA:1713,1,szGiCMVEBEdKfzQaitgEjQ
DA:1714,1,d/6hyg2cEt5/Q/HAj5Oh6A
DA:1718,1,o7lyxW3z/Ro5oGXmWHXm4Q
DA:1719,1,d/6hyg2cEt5/Q/HAj5Oh6A
DA:1723,1,DGul1weQw/AI8pATmhnatQ
DA:1724,1,rHuvi0ONcai78582tcYu+Q
DA:1726,1,AU2a5veJQfutpwmc2EAJvg
DA:1727,1,4wwOFHon0qkNw/mHKEthoA
DA:1729,1,GHVhrdXkN92vIwSqTQza3Q
DA:1730,1,wvKRs1IHWqdqAN0B6O5Zpw
DA:1732,1,iYjPmot6igD76uYO2w9gug
DA:1733,1,84+sECsG2NWwPedzdX/3mQ
DA:1735,1,CrjlToop3nT9s+sN2kDrXw
DA:1736,1,KXvcztpQeUC2HCxBAIPGkQ
DA:1738,1,NvBWTGqK9NEHtsD5nnnFVQ
DA:1739,1,esPqAEEgCCoWhJHMYs7IJQ
DA:1741,1,F2zBFxwGs0yEBAYApShYKg
DA:1742,1,8umxLUzCqrcQhwOu5q1JTg
DA:1744,1,UQOpIXqpJ8TMWi+N+/+hDg
DA:1745,1,8CPJaAAPCKYvfmBkKkco+Q
DA:1747,1,mM6SD8yAEuVOS/ZUJgqg1Q
DA:1748,1,ZK3zIGJZQYwIJjvexPlvLA
DA:1750,1,YMg0FKvcWJfFAArygiYolg
DA:1751,1,oI+PxGAOffq67LK3KI1zDA
DA:1753,1,80ms+RTYXqw99ttlj6P7xg
DA:1754,1,ldTrlgYohWPep9iMfpa2hQ
DA:1756,1,OmZEsYe12hIEZgg5NecogA
DA:1757,1,OdEu3q7bUJUnGroGzG6Ahg
DA:1759,1,3n4ew749lTMXYh4SBJOdSw
DA:1760,1,qhlMnd0e062IoqsiiqHYfQ
DA:1762,1,u5Fe53JpPxrJDwv+grFJ8g
DA:1763,1,ugQlJ8hTQ1T6+gZ8retHDg
DA:1765,1,4+7yGH03DLaqjzVvSEoLNQ
DA:1766,1,VFTTcM0awERgHSGcecA4mw
DA:1768,1,geWvn32wa1mDhmzEaepOjg
DA:1769,1,gF9onbkknsXGrzZfFGNUOg
DA:1771,1,RzDjIYqRb2slJj/p8NFzxA
DA:1772,1,SLP6jvu68MUvQ3h+TUMR0Q
DA:1774,1,N/p4VnzJDBfXC6qwDd3OHA
DA:1775,1,0vz0KzmHENPZDkpwheiYqg
DA:1777,1,9TXHAtSAUSEgGDKcFa3d7A
DA:1778,1,IvZVb0wifPr1KYuY4n6AlQ
DA:1780,1,3G94rxsuP8OHbI0HyKCQTA
DA:1781,1,2QqveKE5z8D5m2UXDasaKA
DA:1783,1,T45xoyO1H/kIGoA7GtiAPA
DA:1784,1,tDDIA/DMaRN4up88ICi4Cw
DA:1786,1,pYbT58omnm1IMDMnh8stYQ
DA:1787,1,HVFmm7srwzn337WG7yay7g
DA:1789,1,I/IA313YD2NaL00gkejlEA
DA:1790,1,tHR3WaLTLbkYi29/rYTRng
DA:1792,1,B2UD6EexoTCTRmNZaziPGg
DA:1793,1,WeEmqG5aZ43eyrVC7RYXyw
DA:1795,1,1QkXgXuVbu/oCi6HBWvzGg
DA:1796,1,lpjr6WHdBgcGoO+W3JKLIw
DA:1798,1,Rp2bkg4kGyPNmroN686IRA
DA:1799,1,WgITH9iVgTT5jX7fO204uQ
DA:1801,1,Yz1RwwecDd++3m7aGdjMCg
DA:1802,1,N5P6nVw/q7JLg3A6wUS/uA
DA:1803,1,5fJ48tac9UmuE8+/9lEEGg
DA:1805,1,9ElTr2dASm3V/qiTJ6S/Mg
DA:1806,1,TE1odO1h3LEVXfjj1WvYVg
DA:1808,1,ar8dQKwlwHq9V+l5fslW2g
DA:1809,1,Lv0ckfY+BSaHHyGVbPZVZQ
DA:1811,1,gpY16m5bkoIOl245KSTdHA
DA:1812,1,vVuEM5JkjL4xDaCzQgPUog
DA:1814,1,Gn9ANnwupAbtKkm1RLquEA
DA:1815,1,PRoj2TKhvdeLslv7LilR2A
DA:1817,1,oG8wyhYs37cEp2ixBNi+rg
DA:1818,1,nh2pQrfAvUlfKdD6+A8A5A
DA:1820,1,aWqtaoyG9vx7E4Tk06ZEoA
DA:1821,1,3Xv97rqVl9f+1JOsUFEoEQ
DA:1823,1,SW8Q/Iu9cK4SuLjDJ73lgA
DA:1824,1,nEJrwj+2NRyv8YEq/mIT1Q
DA:1826,1,DljlbXowxitpvCIDR/ImDw
DA:1827,1,RViEyWRv28QIOO1y8WrA/A
DA:1829,1,q33SPI8FtN1GxTQiNK+ANw
DA:1830,1,WJN27vG1jYW/nddk+FM0Hg
DA:1832,1,JhvI+hqS9pssIq9iPUbJcg
DA:1833,1,WX9BK5uNEtS3XPH2CgbsGQ
DA:1835,1,Ad/n/9/vex/MQjU/zG5kAw
DA:1836,1,x5UAZkfvssMsKmibyVOC1Q
DA:1838,1,iZq9lehNgPwBHPgtQIo2Kg
DA:1839,1,AWWYGi73w9hdp9Xw3MUzkw
DA:1841,1,YoTZQXoRwD7ZQ3lms5IADA
DA:1842,1,jGWMhur7IIwW20rA/Exh7w
DA:1844,1,5Qt8Z4CNXs2NDTVFh93lRQ
DA:1845,1,gOX+nEI0b+pW4JRGzYN4dg
DA:1847,1,tpOBEkwTLgiDnfgzDlgSqw
DA:1848,1,67odP80bcQygVtoE5LXglw
DA:1850,1,GkurlPCYdZAm+Ce0IWqvJw
DA:1851,1,+hFU+guZjPOyVdufb59TBg
DA:1853,1,ahkm87/tA/SsyWVg2NrRTQ
DA:1854,1,yVCzRIpWxuNypODY2FpLxw
DA:1856,1,+4014UnUoC0s1x+szWtZxQ
DA:1857,1,+G7ewquxWA53mOY4JfZLhA
DA:1859,1,jo8QgV3dFWiSVLXsi/Gd/Q
DA:1860,1,aRs5FJj3rrKeJgAXKOc6IQ
DA:1862,1,V7UG0coTyRB3r1x1LF2LRw
DA:1863,1,gSwNIF/NrmQ+6kEEMHx2ug
DA:1865,1,K42bg2voeCkjR09D0NCNvw
DA:1866,1,oHc0hp4/7fFzeRkiRHPpmg
DA:1868,1,9+3OiP/4VhzTaZTzrV/gkw
DA:1869,1,ASbYDHtP2mBwEoipAMoBYQ
DA:1871,1,y9Eni5rW14EuC/fwEP0N0g
DA:1872,1,PRyX3GGQm0Andy1yq55/3g
DA:1874,1,Vw42dxxSTo3pvBZ4rPFtxg
DA:1875,1,STnZN29jXZ3v6+ds9dXzBw
DA:1877,1,ITePoOpyJ4xxAMVUA7nbpQ
DA:1878,1,Xn0yfTYJJ1SMxOAyVBwTzA
DA:1880,1,C1hZgra5tBP6yT45y0DNRw
DA:1881,1,wy2xIdP1dTMdawhd4Y4U9A
DA:1883,1,PK5bnTjwgWDn6dCPoKxGeQ
DA:1884,1,whtNdCn/8uC6EKXGe9apww
DA:1886,1,AUqdSD2ZdXkFxseZeKp0dQ
DA:1887,1,wA7jgPmNSuULewq92gHpfQ
DA:1889,1,mWFVOl2L6fDUoXqnpf3ZYw
DA:1890,1,7FxeBT+dU288W91aiO2tyg
DA:1892,1,wP1Ii4e3KOC1PrdCPq7J/Q
DA:1893,1,sLq3kcSgOaoPtU9ZUXxNQw
DA:1895,1,pdHfvU/oHjUaq6bkc89CMg
DA:1896,1,onVVjiiqSmL2LBONK5FU8w
DA:1898,1,0Qudr2ptepI2G++1IlLrLw
DA:1899,1,u08Nc4OdYC7ru/WAAsz9rg
DA:1901,1,GkyjlQOdSRHixyvp9V1Cyw
DA:1902,1,oQY6yhzhBY/RHLfShRzpTA
DA:1904,1,wXO1tx6JZrK9A+iORRUf7w
DA:1905,1,LR0AHiRA6RpNLhSKEkCOWA
DA:1907,1,rJRDGeFc+ZuySKQGN6LH4g
DA:1908,1,0SfIqcG53pFn0/Onv8PwTQ
DA:1910,1,L6Gy7Zmxj5uMpqw8+17q1A
DA:1911,1,QIh0euYDLLHfYVQlQNQQhQ
DA:1913,1,yA7/WsjJfT/SLwecuEM56A
DA:1914,1,yH/hw1H/jD1GorswMkmS2Q
DA:1916,1,Q4kb4JTw1UeNOGJC/sesxg
DA:1917,1,wHZxUiLTu5wOxvPQIKH8OQ
DA:1919,1,7FPe3oCCbjp4Yf9aI6M2iQ
DA:1920,1,MQlDbTG7VVkpTDScXLtZZQ
DA:1922,1,6EVxfMDaLHeQzpWxrzmYdQ
DA:1923,1,jVtaBgMYoImeHcTgogmqDA
DA:1925,1,rFlhPLpBSR/lJBNTVovI2A
DA:1926,1,nFo/spTILeCFNRcbHZ1/dA
DA:1928,1,a4ZPM9CTQNDoR9Dz0SiWXw
DA:1929,1,AYkTJX86Q0UCx1VVoA6AaA
DA:1931,1,uH23TtMRb7Kd+jnkubpMLw
DA:1932,1,sBR9RDcBkxq0Wa6soGOkQA
DA:1934,1,+/GlAzwIE/SRdRCDKffsFw
DA:1935,1,DSv8/hVUmBtNV26WeksakA
DA:1937,1,iLUum32dXekcGZAhRNzgsA
DA:1938,1,LT2NKgHx7FHLb/GENLfmaA
DA:1940,1,RuV8t5ovtuQBYLq5bByS+Q
DA:1941,1,jxq/rQfpaMf+3S3MrUpk7g
DA:1943,1,SgV4gYLtNE1P+HwHmUQC+A
DA:1944,1,FBy3I5UT0u16OJlUZR0RGg
DA:1946,1,e8WT8HOwqO5hFfWshhkGdg
DA:1947,1,XbwUlGTcZB0jZeEPmJiZMg
DA:1949,1,RAXpgC/3VwLNM81CW2g1aQ
DA:1950,1,ksmmQGmTOYiP2RBiaWpn8g
DA:1952,1,sT7tq3rmxsSneEvnrHurZg
DA:1953,1,hVEnjEZv1bCo5LTcBuCFJQ
DA:1955,1,OWV845zJUoKr5ap61Hxxtw
DA:1956,1,kkvktk6VKelh2aPJJlZAog
DA:1958,1,JWw/iqu56XEuSNbgio0zxA
DA:1959,1,nel2izWfJqRK1FlBYFaSWQ
DA:1961,1,tkjCiqSjdIAzERnX3BK0mw
DA:1962,1,cJaW4efkhCZ9W2fVIDlZ0g
DA:1964,1,2wvMqQtxbHA+yqV0epipIg
DA:1965,1,lsEqWgYa1u+5T2ylCe3gsA
DA:1967,1,fy8wDmnSVjuDdPmaIIczQA
DA:1968,1,ij9ghDbqe8xI6dB8up+iEw
DA:1970,1,EQiEmqeh7Tm5CKkr6/wizA
DA:1971,1,YHzwL7eu9+oSLuRJEM/W/A
DA:1973,1,DnwNYNOD8CilV8AJkJQ35w
DA:1974,1,qQn+mtgr5/t0VY8A6i7k6A
DA:1976,1,RCNu0VTD17Pr5RqbCleTaQ
DA:1977,1,Ut1M97OTmvpMp1rn9yUaNg
DA:1979,1,t64r2/da60Zv3sfax0KD9w
DA:1980,1,PoHXUayCx1B8wIxk79pYdA
DA:1982,1,K6NVrkI0euqTT9VqkQ+9cQ
DA:1983,1,vGzjn4HrFDJvMue42q3N8g
DA:1985,1,mmOp3dFldotijBi0fnvzkQ
DA:1986,1,jM05PDW+VfEizU3f+5IRKA
DA:1988,1,5kv4OTZbKfvGzLBLts679g
DA:1989,1,bdbLCqiKUbhGlJWVtiXecg
DA:1990,1,OxQ2LuC4BcJrTdXqdT0Ezg
DA:1992,1,noAabQIt/jwBl78bm8ptgg
DA:1993,1,44TBi7yeIAFkXrhnHr3Uxg
DA:1995,1,aUJoAAUiuOTTYqVbFUOoIQ
DA:1996,1,usjIlJN9RSObUuIyB4yOtw
DA:1997,1,zMnS7yW8dQ/In0jM/+ZjYw
DA:1999,1,+k+nmbv5P2V4B7UhiHMZ8g
DA:2000,1,lGQsy8Wo1ldECp/4r2StQw
DA:2001,1,4C4ZL8GLsKF9e/Z39h1FUA
DA:2003,1,ULAAo4HHAGBV6DOluszIAQ
DA:2004,1,kWLlPW111zrjJibkNIGlYw
DA:2005,1,8G94glkDe89e6QR+BYukRg
DA:2006,1,MctDeol4Fh/W4QTWktlEug
DA:2007,1,WDzdTD8Fncq11bqKz8+kDQ
DA:2008,1,Jvj/YXFpgEoqYsdr2P0gtg
DA:2012,1,47XY7hM7L9kE/+OUW4mzJg
DA:2013,1,kWLlPW111zrjJibkNIGlYw
DA:2014,1,GIogUZYh0SgC3FIfA+Uakg
DA:2015,1,MctDeol4Fh/W4QTWktlEug
DA:2016,1,WDzdTD8Fncq11bqKz8+kDQ
DA:2017,1,Jvj/YXFpgEoqYsdr2P0gtg
DA:2021,1,SN2McfRyhy1PWAdX9dfnqg
DA:2022,1,kWLlPW111zrjJibkNIGlYw
DA:2023,1,yfABqcWOqCoQlV3koCDvtQ
DA:2024,1,MctDeol4Fh/W4QTWktlEug
DA:2025,1,WDzdTD8Fncq11bqKz8+kDQ
DA:2026,1,Jvj/YXFpgEoqYsdr2P0gtg
DA:2030,1,y+8pzbarfjbw+eB5E6AIMg
DA:2031,1,kWLlPW111zrjJibkNIGlYw
DA:2032,1,M/p1DaukOydlYyCkjjJMYQ
DA:2033,1,MctDeol4Fh/W4QTWktlEug
DA:2034,1,WDzdTD8Fncq11bqKz8+kDQ
DA:2035,1,Jvj/YXFpgEoqYsdr2P0gtg
DA:2039,1,+7HFkSW/tEfFv+3IP7Zn9g
DA:2040,1,kWLlPW111zrjJibkNIGlYw
DA:2041,1,941cAiXoHZy4+mr+q0d9TQ
DA:2042,1,MctDeol4Fh/W4QTWktlEug
DA:2043,1,WDzdTD8Fncq11bqKz8+kDQ
DA:2044,1,Jvj/YXFpgEoqYsdr2P0gtg
DA:2048,1,+teRKYUA005zsrn4tZjFzQ
DA:2049,1,rU44FhX/ErIVvYRpijM6+w
DA:2051,1,UnC8/Lx+q6nSV8qAJdHwsQ
DA:2052,1,f0w8MjSyfm1uAfuFa5tWYw
DA:2054,1,gWI1Iow0zUMBsMa3co8f/A
DA:2055,1,UEd1NMzQZGxJHyRxGnxp4g
DA:2057,1,kzRmcIhVAcIEz1eO6cKiEQ
DA:2058,1,IV6rtNpSNQSO5a9NCTNqfg
DA:2060,1,PxMmD3AYUlhtxlPAMWgADA
DA:2061,1,MYcfwXeYsk1kCs3RZQX3Bg
DA:2063,1,uwK5lUiHH8E2bIEEyWs3jA
DA:2064,1,5i/WoS0aoz/e7c5dCQ0LoQ
DA:2066,1,Z1QumgNtK9ghPE2qcThS5A
DA:2067,1,D0aPdZ/cHNMr3RDQODMFGQ
DA:2069,1,rFZUvjHLoggbgY4EQEDChQ
DA:2070,1,Efb8YyGqrPTNY38gOR1PTQ
DA:2072,1,Xsf05kLc+2IDiaq1baUPHg
DA:2073,1,Lxg6MABlrgOkIhgwMA9oCA
DA:2075,1,IF8Yee1KNaNbmfL+gHVVDw
DA:2076,1,0qmq6aqQOmwgP4nVeLUovw
DA:2078,1,QALIXVKzh1NbLZJyrT4gGg
DA:2079,1,hO6DZt9qFBz9KVhqTsXCuA
DA:2081,1,mSnP1j6Dt9yh5qdcaQYVPg
DA:2082,1,kWLlPW111zrjJibkNIGlYw
DA:2083,1,rB10mLzupQCxgyolH+Eerw
DA:2085,1,Q3BWvzhMDC8dPQNInlMSQg
DA:2086,1,SS79Sj08UUnOkMD/J6H+BA
DA:2088,1,mA5V3XkrjOvK/XxGdOBc2Q
DA:2089,1,MGkZwJ7xBkSLDGfXpxa1Cw
DA:2091,1,yd+xIGejYsc9af2hOW+Mig
DA:2092,1,kWLlPW111zrjJibkNIGlYw
DA:2093,1,OZt9+pvq9eGoIIfzOGqlfQ
DA:2097,1,TSDlqitd3c3BM97KOKoe2A
DA:2098,1,d/6hyg2cEt5/Q/HAj5Oh6A
DA:2102,1,DYraq0srBrFAjintkyh+nA
DA:2103,1,90U7evR8+9KyHcMRnmzGwg
DA:2105,1,c7Kf5cojEpbSac+RfNAngw
DA:2106,1,P5NXRvavRJR/+kEddgQCFA
DA:2108,1,6j5R0RUbBrpcsEz5CcFTDw
DA:2109,1,qqvLWS2CcDMs7VY4E7BMCg
DA:2111,1,Dg9O6ivSzfVplPTdOkK5Mw
DA:2113,1,CT1haOiX2kGY4rt/aidggg
DA:2115,1,t2wBoqdoWmBIaxgmj4woXw
DA:2117,1,jLmMzF9XbMXhu/WandaBEg
DA:2119,1,27z4SM+Z4KOwDdLoUrpKAw
DA:2120,1,JbPMIWcG1l2PGq/dB7Uevw
DA:2122,1,83YIh+T4KDOejSuDkWrtSg
DA:2123,1,kWLlPW111zrjJibkNIGlYw
DA:2124,1,WDzdTD8Fncq11bqKz8+kDQ
DA:2125,1,R5bOnlur6gXPu6ORZvcKPw
DA:2129,1,VO6c3zQ6IIJNMXhKK4eBiQ
DA:2130,1,A2wt7RrXmCE4rlwJdwBp9w
DA:2132,1,Zq6pT5KRc4uSq3NOCWOTKg
DA:2133,1,kWLlPW111zrjJibkNIGlYw
DA:2134,1,McdOudCty9mdCAsNASY3KA
DA:2135,1,WDzdTD8Fncq11bqKz8+kDQ
DA:2136,1,ciQoC8/KK1xpdc+Paphd3A
DA:2140,1,ouYvbGiXM/Mfq8cCZ3dlwA
DA:2141,1,kWLlPW111zrjJibkNIGlYw
DA:2142,1,U3oZtRIg8lv9LkP600RSNg
DA:2143,1,WDzdTD8Fncq11bqKz8+kDQ
DA:2144,1,cH99L3Jr5F0L+weJhnxrug
DA:2148,1,DS0TvygUWFJmL3PvPSEdBg
DA:2149,1,kWLlPW111zrjJibkNIGlYw
DA:2150,1,VQMe67RAG0lQlL8yY/Upgg
DA:2151,1,WDzdTD8Fncq11bqKz8+kDQ
DA:2152,1,tsLbp5JVWhqgZ95E4Jpw7A
DA:2156,1,t8uJENUFvZdgjPHSefRbWA
DA:2157,1,kWLlPW111zrjJibkNIGlYw
DA:2158,1,8J1F7w8MURSEqxxnE7z9vQ
DA:2159,1,WDzdTD8Fncq11bqKz8+kDQ
DA:2160,1,qP6aDSvCH8trfa0Xcp7Puw
DA:2164,1,GCoKEB1eC50yHPZYt9bbsw
DA:2165,1,d+z84Y8tbYu9YeRqJ2CBQg
DA:2166,1,8gOisSqY0t2nFquGg5GA+Q
DA:2167,1,WDzdTD8Fncq11bqKz8+kDQ
DA:2168,1,5fiH9bth834VmzUhxL0hiQ
DA:2172,1,prAxkNTeTabNBVPTzk6Y3w
DA:2173,1,d+z84Y8tbYu9YeRqJ2CBQg
DA:2174,1,0k54U1ldtsRpdnmZOUYgSg
DA:2175,1,WDzdTD8Fncq11bqKz8+kDQ
DA:2176,1,GfMcNnfrD7h/truFYLGRNA
DA:2180,1,++GHWFXhCKe33femhVWGjg
DA:2181,1,d+z84Y8tbYu9YeRqJ2CBQg
DA:2182,1,w93pcre6TqAPSIKnu2QzeQ
DA:2183,1,WDzdTD8Fncq11bqKz8+kDQ
DA:2184,1,fkfQJw54lDliH2AoRADlVg
DA:2188,1,q6/e5HVJQ/xpAJzrUKdizA
DA:2189,1,d+z84Y8tbYu9YeRqJ2CBQg
DA:2190,1,vvMmL+wPQxbHsSxRMkaBDg
DA:2191,1,WDzdTD8Fncq11bqKz8+kDQ
DA:2192,1,fkfQJw54lDliH2AoRADlVg
DA:2196,1,oLJ8MFu4YWndY62TsS8DPw
DA:2197,1,xl1C2IDgnBp7T+a+DcuwFw
DA:2199,1,Rhz/pfodGCVQ7OSuPdqQfw
DA:2200,1,2+hbLucK3ILO3qvuVlTXdg
DA:2202,1,9GnNUpPga9U1anbd3j4uVQ
DA:2203,1,sPmb8N9U69ErtcDdEJEwUg
DA:2205,1,fAla9LrStLF+0I89njVAWw
DA:2206,1,jlszjflEHw/Z4hAX2lUWAw
DA:2208,1,XBFuEbEwwHPznS4Nglmlzg
DA:2209,1,5LYr6xocrjkLJnGeczlhLQ
DA:2211,1,6KmRESTrlsh4tTJlgkj3Gg
DA:2212,1,1RRMZ9+AswEQPbiRD0Ac9g
DA:2213,1,AfxADVSKQHRpldXHsgYq+g
DA:2215,1,6KmRESTrlsh4tTJlgkj3Gg
DA:2216,1,CTAa9u6pSKwdluiO0fQWig
DA:2217,1,kle8xKLyzwuuPhoadAeTig
DA:2219,1,6KmRESTrlsh4tTJlgkj3Gg
DA:2220,1,Ud23Pk1vhdBGgWW6cTDirQ
DA:2221,1,aslM6nj6e29OyknhaVCTZw
DA:2223,1,ieQrUGK2tECU73Yi5m6rQw
DA:2224,1,ggL+NBxTA//4lz8v7JPO1w
DA:2226,1,3vh4gXSc/fnkbnfNaa7pUA
DA:2227,1,Zo+kfc4MUVyfghRIDgGkfg
DA:2229,1,pSa1KKRf5uLCybgpJsy5Nw
DA:2230,1,NmQot8XdVjdmceVp379uzA
DA:2232,1,YabbLomd3CF4Brc1vEbOEw
DA:2233,1,aRs5FJj3rrKeJgAXKOc6IQ
DA:2234,1,ySgxeUPGoQVbmdOv4Ga3kQ
DA:2236,1,aiWx2VCvqw/UwmwBoZF+dg
DA:2237,1,+wQuv4Qp2PljeMw3a0Qw/w
DA:2238,1,LWMLr33Hb/pra8dtm1mmWA
DA:2239,1,xADR6iyDrn7by95dD/9mww
DA:2241,1,AnQlaquJDF/k9O+NFA8MQw
DA:2242,1,yNpp911UBh2lDjazL6zrzQ
DA:2243,1,trRJD1+/EF2sUw3K5AXm9Q
DA:2244,1,NGbsbkYFkuXytV99VU2EEw
DA:2245,1,hCL2cRebbchD9yMgSjGoKg
DA:2247,1,4MPXVvXyZBgP7Z+sekyD+g
DA:2248,1,fwbQhx/J8OC/dEWUYZmqoA
DA:2249,1,2lfZTJsBhzg26IfUsQTOQw
DA:2251,1,OUYmO/d9NSA6fDEG6heH4w
DA:2252,1,O0Mu8eoPFbbZQ4kdLspXMA
DA:2253,1,VJo8kgG4psbWmNGbH3YyHg
DA:2255,1,f6q57xYLwHhGFhl1Wt6MgA
DA:2256,1,ukSozNmNuKvYFT71/9H14Q
DA:2257,1,FCozzfp016SFecW2jW9mKw
DA:2259,1,f6q57xYLwHhGFhl1Wt6MgA
DA:2260,1,gvPB94cyBnAraTQ00XpCcg
DA:2261,1,1+Epb+K+JvrTPuekzWr+QA
DA:2263,1,f6q57xYLwHhGFhl1Wt6MgA
DA:2264,1,Yo635jwFMxUbS40QXcZKMA
DA:2265,1,CjBjSrg9mc773qpZRfxeoQ
DA:2268,1,xQVNdxAJxuGw1z9RcZmDQw
DA:21,0,3dVHT8e4oLf7Vw0QzKyFNA
DA:22,0,+R7Sg39uRuOSNGwXGYvVOA
DA:23,0,SE6eoiyqIumc5T306suPww
DA:25,0,mlw2FOzyJhTYH+jCeN73Yw
DA:26,0,dWF59BcvGzV1kCzJ2gffqA
DA:27,0,J59k5wp3rTjhC8/i+Od8tg
DA:28,0,hB0CBCk859cAn0FVje/16w
DA:29,0,pkrWTO402r39OBlfT8MwYw
DA:30,0,KqvmO0Jc5YUp0UWMKELNYw
DA:31,0,XF+cKDy7/CBFnFjHs+C4sg
DA:32,0,Uj9mqGMWDdBRn35Xk/BUmQ
DA:33,0,9HMbK38rXTXFYrR18itVrg
DA:34,0,XWsPLnNoTyo9WEKovoKQog
DA:37,0,Ta0IBBKuMBjW9USUVHdPfQ
DA:38,0,cfHOXZo90y7QdCTnC/zZgg
DA:39,0,5rZag4p86M9UVzwLJT+OcQ
DA:40,0,Ce/DjFbcY/+VPKxmA+cNdQ
DA:41,0,brub7X6nvSvU0Bd1ENXmcg
DA:42,0,L+ZT0XjZdd53XeoyyOoG5Q
DA:43,0,qaGnGmI7LFAkIeJXEBm/EA
DA:45,0,DYas9KHmTk3KR6ge08gC6Q
DA:46,0,KqvmO0Jc5YUp0UWMKELNYw
DA:47,0,d3NS3Uoc4u77kw03GfKRkQ
DA:48,0,B5V8jdh6rKLtox2HbHHkxA
DA:49,0,OcqG+0eIh2S4uPtVmuJfDw
DA:52,0,YLleer8ug4GxBsLErQCGuQ
DA:53,0,QAasWpp2ZZQg08xWkk4zTw
DA:55,0,SCLlwkMwpKcF1pJY6isOyw
DA:56,0,mrMEjT8NbzBqd310sRjrDA
DA:57,0,lsDiUzJ2aF813AN32VCCOg
DA:58,0,rc/DqcawkRKyukw158lTJg
DA:59,0,2x05yE0Ih1gFY7SMmGdw8g
DA:61,0,7a6iEiO6Zzu8yfez5LxOyQ
DA:62,0,n3TU3jzL3CgtuV40zMe/SQ
DA:75,0,WHxVo0uQlRzaUBZejk9t9A
DA:76,0,cgwOGLrLoWqwBsbclMp8hw
DA:82,0,OoDLESpnR+hUlNtqr5L2HQ
DA:594,0,aqstVN2nd72txxwMPWHGmQ
DA:636,0,JM8itb4gAMXoHDQ7CpR7tw
DA:639,0,l6tzapuDdg0pYSPmENDx2Q
DA:640,0,3MlbD93wyfGwCRvb/h4wWA
DA:642,0,8raOGkJx7K5D5ICcnBfh3Q
DA:645,0,Fq0b9TLKLDYQreDY/gQkKQ
DA:648,0,WArLbKXEMotApEE3aY2pFg
DA:649,0,rw+gGe+tUgWOqnYK4ZHlKA
DA:650,0,0VIVvfw06DbqwFj7zJQ/Gw
DA:651,0,YimVwzkNCp58Ub9MDIIw8A
DA:652,0,tPIvhX6Q3jqciAw0YiP8gQ
DA:653,0,DHACGcR9owjFbCmHf9n+uA
DA:654,0,l3fmFFhsxlcuEJU9giHUTQ
DA:655,0,/oAKtBzbxcNDfWq0EV7f8A
DA:656,0,410PebmG3IK78cvz42n0Eg
DA:657,0,YGlZf0UBEpSbH8wsIkWIoQ
DA:658,0,uPzdTpKsJ4Tv/isoW2rWqg
DA:659,0,iEZGm+PuuamvM/jSiwtzZg
DA:662,0,0VIVvfw06DbqwFj7zJQ/Gw
DA:663,0,YimVwzkNCp58Ub9MDIIw8A
DA:664,0,WicRmV+U4eQlfQ33Ryy5IQ
DA:665,0,NBjlsTDjMU8JxvVysQDQ6A
DA:666,0,WyC0MsHCNU6PmhlIJStfRA
DA:667,0,oV4lzjvbsM8KygHE+tS8qw
DA:668,0,ln41wR4OJYmNjQBLMhrqeg
DA:669,0,gGLWNkrfn+sb67ZjD3XiGA
DA:670,0,mJEO2oF1/wAIXzAZkPmx8A
DA:671,0,rlpImzz+eNHJsJLKluiF3Q
DA:672,0,6CQO28RaOc6yyY8vvwc0Yg
DA:673,0,RbCT9emVChG+6Hs1QJKHGA
DA:677,0,d7n6/v4jbHDOswHfZu7tYA
DA:678,0,7V30qrM10TsPr0KvV6xAlA
DA:679,0,Qvu88KXv/Lt7YJuC+dyc4g
DA:683,0,ok0gI1sE2mkYNCmT8gaWTQ
DA:684,0,7V7fd9AxBbjNTvwt4RS7Bg
DA:685,0,x7ZlqFS+T4BF3VbC2p3rnQ
DA:686,0,d+7KJY/wuQccv/g7sSMpGg
DA:703,0,kB3TzV3ErsMVGEDFL6t7Gg
DA:704,0,hZg/iSwyK7VQS4n9x2sSIw
DA:706,0,NfWtqtM4+hp1L3f8FvuR1A
DA:1626,0,UbvEbE2lY60956Ep2gOmcw
DA:1650,0,UbvEbE2lY60956Ep2gOmcw
DA:1662,0,UbvEbE2lY60956Ep2gOmcw
DA:1673,0,UbvEbE2lY60956Ep2gOmcw
DA:1684,0,UbvEbE2lY60956Ep2gOmcw
DA:2010,0,CEy3w7+W2tzKwbYrEbY3Ug
DA:2019,0,CEy3w7+W2tzKwbYrEbY3Ug
DA:2028,0,CEy3w7+W2tzKwbYrEbY3Ug
DA:2037,0,CEy3w7+W2tzKwbYrEbY3Ug
DA:2046,0,CEy3w7+W2tzKwbYrEbY3Ug
DA:2127,0,IyWfURuWqcw5jKN5+EfcTQ
DA:2138,0,8m6nwrMCVHkyDEhemICs2Q
DA:2146,0,8m6nwrMCVHkyDEhemICs2Q
DA:2154,0,8m6nwrMCVHkyDEhemICs2Q
DA:2162,0,8m6nwrMCVHkyDEhemICs2Q
DA:2170,0,8m6nwrMCVHkyDEhemICs2Q
DA:2178,0,8m6nwrMCVHkyDEhemICs2Q
DA:2186,0,8m6nwrMCVHkyDEhemICs2Q
DA:2194,0,8m6nwrMCVHkyDEhemICs2Q
DA:2269,0,APy8sv1vBVX6MHZCmVJsgw
LF:1588
LH:1491
end_of_record
TN:
SF:test_getOpt.py
DA:1,1,mUDsnWRiqW9R9nTILGKIZg
DA:2,1,E/tvV9JPVDhEcTCkgrwOFw
DA:3,1,I6/svjg7EUcf9HVNR+TPGQ
DA:5,0,TusVE66rBvdMtOQXzbrABw
DA:6,0,V5iHX2HygGWdwq9/8xrubg
DA:7,0,vubIPbIVaKysqaocE8FvNA
DA:9,0,9IPwvb2E4FofnbewvJ4pWw
DA:11,0,PCd+tTkojc+/9k3Gg2wfWw
DA:13,0,jIIZNW3lN94V0d21jPI2/w
DA:16,0,APy8sv1vBVX6MHZCmVJsgw
LF:10
LH:3
end_of_record
TN:
SF:test_time.py
DA:1,1,4KXOIu0EzlFAqlH6QJ+whA
DA:2,1,E/tvV9JPVDhEcTCkgrwOFw
DA:4,1,xU8hCd0Whj89o3KSTjehwA
DA:6,1,HurDQCTlm0n1McSLYiwCJw
DA:21,1,snrOSWGxq0Wo3W+DfFGd1w
DA:24,1,eDcQiqxsKlBlD7KfiUELjw
DA:25,1,KCye8Bf0YlGgdg/klMTI/Q
DA:26,1,PkicugVD7QizTdjsQv+lEQ
DA:27,1,TkUnEh1Gsmnj0k8AmsLByw
DA:29,1,WVZN7/qFvlBlmCf9QyBKcg
DA:30,1,WLOcaCvUMJwEU7RQraw0Pg
DA:31,1,r7meNzl0lw1Affz5NNl3qQ
DA:32,1,5Od5mV3ocVtKa/Z2mnQaqw
DA:34,1,Q1Im40AoNeGQSBrmDKasIQ
DA:35,1,QNYR2kwHweBU2/9rGBDYsA
DA:36,1,2w7pQt5h9McBY1XuBsaiFg
DA:37,1,vMwqSHPLXR+FckBb1Z5rBQ
DA:39,1,HvHKaaMB6637lCqtZumiDg
DA:40,1,i9b6QGmt4nK+7yx2FyKxpA
DA:41,1,9oJNM6Qnb1UWscfWrFHcRw
DA:42,1,RjNC6lsf4UWXS4lk/1Ulxg
LF:21
LH:21
end_of_record
TN:
SF:/usr/local/lib/python3.11/site-packages/_distutils_hack/__init__.py
DA:92,1,9un/cx0qmLXmxYDwdOJ1rA
DA:93,1,MnzpXe1veqpfA7nIMRo0OA
DA:95,1,2H5Vde45Z470KHrDcLENeg
DA:96,1,0ckDgdYxWdNgxXGzmvaOIA
DA:97,1,IYjUb0SLre5aeQ6nMrq1vA
DA:2,0,mUDsnWRiqW9R9nTILGKIZg
DA:3,0,7Z9Lj4ed27Wf2hBX6jooEA
DA:6,0,OM4y0zAhnSDYLveq2YECRQ
DA:9,0,GkAj8RT0SDsu6dTtFmAylw
DA:10,0,2gcrfjCahy3NmZf/JwjOlA
DA:11,0,l6TjtYHqcNyGECUCc2lV5w
DA:12,0,7ACogvRD79lBNKt6YdVqPw
DA:15,0,l6TjtYHqcNyGECUCc2lV5w
DA:16,0,lEg6+EUdlEathRyF++s6Eg
DA:18,0,JmsNwQOznX+BEnXSeXX3Pw
DA:28,0,rHXHSSvv41pfGlA+AnIlZw
DA:29,0,2gcrfjCahy3NmZf/JwjOlA
DA:30,0,l6TjtYHqcNyGECUCc2lV5w
DA:31,0,lEg6+EUdlEathRyF++s6Eg
DA:33,0,RG0eQt2n5RaOe5qNPrI7Vg
DA:34,0,+QBvhon1sv+R/FBteXpNLA
DA:39,0,lDZPiBr85Wv1GJ7DQ7K3dQ
DA:40,0,iePrUIfgE2gKHBnP1jFFag
DA:43,0,jNJ3UtqUb+awgF60Xmsk9g
DA:47,0,45UBcR2CZJkD0cHwTrdbKQ
DA:48,0,WZmsqe3xCnh2KjD/d47fiw
DA:51,0,KMwCqJvAJZYaJMt94Xqn0Q
DA:52,0,1ztudX2ZFpuh3YAgk8UhIQ
DA:54,0,wgJA/aNqiNJKFJn4Y1ZnEQ
DA:59,0,8T8k4BYaXdWXQGV91bGwWg
DA:60,0,3aPyJKQkn0HZBBHWzFzltQ
DA:63,0,xTTj8+alBsvTsJZ7daB7rg
DA:64,0,fPBoDvvOvf+eh/fa/ldDtw
DA:65,0,wPtBFfmxMkGaB08GcZgVeA
DA:68,0,zZBptT4i0CA8Cr86ObThBw
DA:75,0,wqYftrx9qWdybMj9wXyP1g
DA:76,0,yQtE8cOQ6JP44MmnHhrF2A
DA:77,0,dtFclyS/u4F7IVHRv8UFBw
DA:80,0,MN+zdYlR3g1jYo8bmINY+Q
DA:81,0,4oI259hXz0EUrfo70pkiBQ
DA:82,0,r5Nw5/nhKiL6rNaZI5Suag
DA:84,0,zZjg0xV5/ElHeVOoT2TmLQ
DA:85,0,CE+ZExzsOI2vOVe4/n3yRw
DA:88,0,1jzwtUE0dtr9r2yln13zZA
DA:89,0,fyoUVji5IcgwuTw65WSUrw
DA:99,0,8uPOuTjgISDUIP9dB1VCZA
DA:100,0,ufhGcdMAIRZnKV2wwuYHDQ
DA:101,0,MnzpXe1veqpfA7nIMRo0OA
DA:103,0,JGqCxZWqOgIwtFhJJmECVA
DA:104,0,wUvcRipPk4HZlEJYKycsew
DA:105,0,X225PIjcYl/ehMGS9Wkl3Q
DA:107,0,xjcDBnSwra0OiNOAYAwoHA
DA:108,0,WoszEwACmHJ0YGZ0nawT4g
DA:109,0,o7tvNiq40uwo8eP+lY5kyg
DA:118,0,MnzpXe1veqpfA7nIMRo0OA
DA:120,0,8SRLjvHVIeq9/b/F5SOvUQ
DA:121,0,OjjUksWjr5+J/qOQMge/5g
DA:122,0,m576Ida2Tnyim40wUpHcgw
DA:123,0,ISwtRmqn7yxgxnhFm3dM4Q
DA:125,0,Hp+WoajGbruwv+YAF1VmZw
DA:126,0,dquiAd0b6I3SPuVFJDK09w
DA:128,0,mFTTnkTEs6D4v6Y+Zf/KoA
DA:132,0,KxgaGtJPkScc4OG7mJ59vg
DA:133,0,YwoIKjptDPHMDEaV2aHPYg
DA:138,0,5tNdBKJWt/6q7w59RNfQfg
DA:140,0,p1NkOj0GzPuV9bzVST7IoA
DA:145,0,6Ug/ZJZ3hO/G6YpAr8hZLw
DA:146,0,MnzpXe1veqpfA7nIMRo0OA
DA:147,0,D+7VuIBTuA9Acv/PkhB97g
DA:148,0,DAGWNZ+J18qhzbhXqpqJCw
DA:150,0,Nnqu9X+lU2lagW39QNhFWA
DA:151,0,HUS/HjhKX06HGumb6TIdBA
DA:155,0,wXQD+cGH9iPewn8ZAPg31w
DA:157,0,Bih8LzuzbtmAIInGTLgW2g
DA:161,0,KxgaGtJPkScc4OG7mJ59vg
DA:162,0,pM0+vWLw8OWZaAbhgM3Vig
DA:167,0,DCAgsj4MG0ZLAVNTbn9vsQ
DA:169,0,BT7kD7LRPuk/K83ku+MwEg
DA:175,0,D+7VuIBTuA9Acv/PkhB97g
DA:176,0,DAGWNZ+J18qhzbhXqpqJCw
DA:178,0,b64ONiRlnQvjfeWnszXcng
DA:191,0,m+CX8s+9/NSNKFBhDXPg0w
DA:192,0,djWM6xOGNSsA0hqL8ZPdwg
DA:199,0,csvyuPkTVfj2vi+3/1ImQg
DA:202,0,pjJo9djhPHefsVKHWnuGhw
DA:203,0,2SJmF3GQUE9HBhP6/G66HA
DA:206,0,x4FdnbeKugRkIpDIJR9yFQ
DA:207,0,mnoV0T4hEkr2W8HjAfJidA
DA:208,0,Eu9SRgpzCdX+knf0pwNcuQ
DA:210,0,d1Di2TWmCcPEHATMBwGJwg
DA:211,0,x44P3QGe03hyfB1SVP4FRw
DA:214,0,g0Js2pNa3phrEzX25O4A8Q
DA:215,0,IDzumHTR6+ji6FDkgSxq8Q
DA:218,0,J2XUFvvwj50aOiwEJl5r+Q
DA:219,0,B/Fo9U4/nMeRNS1JjGZVyQ
DA:220,0,rnRHi6valzJssoG6809lNQ
DA:221,0,zXAfORIKxReF1HcBtup/aQ
DA:222,0,wWvyVCzDRWfTVXhFZNNl1w
DA:225,0,H4djwRjHUJWaOUkpIsAO4Q
DA:227,0,wRpTQ0P2+4WXY40jNLIENg
LF:100
LH:5
end_of_record
